time	theta_1	theta_2	theta_3	phi	psi	theta_1_dot	theta_2_dot	theta_3_dot	phi_dot	psi_dot	motor_1_mode	motor_1_theta	motor_1_angvel	motor_1_torque_limit	motor_1_torque	motor_2_mode	motor_2_theta	motor_2_angvel	motor_2_torque_limit	motor_2_torque	motor_3_mode	motor_3_theta	motor_3_angvel	motor_3_torque_limit	motor_3_torque
33	0.757786509216	1.54778661498	0.0107378655152	0	0	-0.322536845769	-0.0	0.0921533845053	0	0	0	0	Nan	1	NaN	0	0	Nan	1	NaN	0	0	Nan	1	NaN
57	0.742446701337	1.54778661498	0.0153398078789	0	0	-0.506843614779	-0.0	0.0921533845053	0	0	0	0	Nan	1	NaN	0	0	Nan	1	NaN	0	0	Nan	1	NaN
82	0.722504951094	1.54778661498	0.0122718463031	0	0	-0.783303768295	-0.230383461263	-0.0921533845053	0	0	0	0	Nan	1	NaN	0	0	Nan	1	NaN	0	0	Nan	1	NaN
107	0.688757373761	1.51557301843	0.0107378655152	0	0	-1.33622407533	-1.19799399857	0.0	0	0	0	0	Nan	1	NaN	0	0	Nan	1	NaN	0	0	Nan	1	NaN
143	0.639669988548	1.46801961401	0.0122718463031	0	0	-1.61268422884	-1.61268422884	0.0	0	0	0	0	Nan	1	NaN	0	0	Nan	1	NaN	0	0	Nan	1	NaN
167	0.567572891518	1.39438853619	0.0107378655152	0	0	-1.79699099785	-1.79699099785	0.0	0	0	0	0	Nan	1	NaN	0	0	Nan	1	NaN	0	0	Nan	1	NaN
192	0.520019487093	1.34376717019	0.0107378655152	0	0	-1.70483761335	-1.70483761335	0.0	0	0	0	0	Nan	1	NaN	0	0	Nan	1	NaN	0	0	Nan	1	NaN
217	0.470932101881	1.29314580419	0.0107378655152	0	0	-1.6587609211	-1.70483761335	0.0	0	0	0	0	Nan	1	NaN	0	0	Nan	1	NaN	0	0	Nan	1	NaN
244	0.421844716669	1.2409904574	0.0107378655152	0	0	-1.70483761335	-1.70483761335	0.0	0	0	0	0	Nan	1	NaN	0	0	Nan	1	NaN	0	0	Nan	1	NaN
273	0.36968936988	1.1903690914	0.0107378655152	0	0	-1.6587609211	-1.6587609211	0.0	0	0	0	0	Nan	1	NaN	0	0	Nan	1	NaN	0	0	Nan	1	NaN
297	0.316000042304	1.13514578304	0.0107378655152	0	0	-1.70483761335	-1.70483761335	0.0	0	0	0	0	Nan	1	NaN	0	0	Nan	1	NaN	0	0	Nan	1	NaN
321	0.269980618668	1.09066034019	0.0107378655152	0	0	-1.6587609211	-1.70483761335	0.0	0	0	0	0	Nan	1	NaN	0	0	Nan	1	NaN	0	0	Nan	1	NaN
346	0.225495175819	1.04003897419	0.0107378655152	0	0	-1.6587609211	-1.70483761335	0.0	0	0	0	0	Nan	1	NaN	0	0	Nan	1	NaN	0	0	Nan	1	NaN
371	0.176407790607	0.990951588974	0.0107378655152	0	0	-1.70483761335	-1.70483761335	0.0	0	0	0	0	Nan	1	NaN	0	0	Nan	1	NaN	0	0	Nan	1	NaN
396	0.131922347758	0.94339818455	0.0107378655152	0	0	-1.6587609211	-1.7509143056	0.0	0	0	0	0	Nan	1	NaN	0	0	Nan	1	NaN	0	0	Nan	1	NaN
421	0.0828349625458	0.891242837762	0.0107378655152	0	0	-1.7509143056	-1.6587609211	0.0	0	0	0	0	Nan	1	NaN	0	0	Nan	1	NaN	0	0	Nan	1	NaN
445	0.0383495196971	0.843689433337	0.0107378655152	0	0	-1.61268422884	-1.70483761335	0.0	0	0	0	0	Nan	1	NaN	0	0	Nan	1	NaN	0	0	Nan	1	NaN
469	0.00766990393943	0.796136028913	0.0107378655152	0	0	-0.967610537306	-1.84306769011	0.0	0	0	0	0	Nan	1	NaN	0	0	Nan	1	NaN	0	0	Nan	1	NaN
494	-0.00306796157577	0.745514662912	0.0107378655152	0	0	-0.276460153516	-1.6587609211	0.0	0	0	0	0	Nan	1	NaN	0	0	Nan	1	NaN	0	0	Nan	1	NaN
518	-0.00306796157577	0.702563200852	0.0107378655152	0	0	-0.0	-1.61268422884	0.0	0	0	0	0	Nan	1	NaN	0	0	Nan	1	NaN	0	0	Nan	1	NaN
542	-0.00460194236366	0.656543777215	0.0107378655152	0	0	-0.0	-1.61268422884	0.0	0	0	0	0	Nan	1	NaN	0	0	Nan	1	NaN	0	0	Nan	1	NaN
567	-0.00460194236366	0.605922411215	0.0107378655152	0	0	-0.0	-1.6587609211	0.0	0	0	0	0	Nan	1	NaN	0	0	Nan	1	NaN	0	0	Nan	1	NaN
592	-0.00306796157577	0.559902987578	0.0107378655152	0	0	-0.0	-1.61268422884	0.0	0	0	0	0	Nan	1	NaN	0	0	Nan	1	NaN	0	0	Nan	1	NaN
617	-0.00306796157577	0.512349583154	0.0107378655152	0	0	-0.0	-1.61268422884	0.0	0	0	0	0	Nan	1	NaN	0	0	Nan	1	NaN	0	0	Nan	1	NaN
641	-0.00460194236366	0.466330159517	0.0107378655152	0	0	-0.0	-1.70483761335	0.0	0	0	0	0	Nan	1	NaN	0	0	Nan	1	NaN	0	0	Nan	1	NaN
666	-0.00460194236366	0.418776755093	0.0107378655152	0	0	-0.0	-1.6587609211	0.0	0	0	0	0	Nan	1	NaN	0	0	Nan	1	NaN	0	0	Nan	1	NaN
692	-0.00460194236366	0.371223350668	0.0107378655152	0	0	-0.0	-1.70483761335	0.0	0	0	0	0	Nan	1	NaN	0	0	Nan	1	NaN	0	0	Nan	1	NaN
717	-0.00306796157577	0.317534023092	0.0107378655152	0	0	-0.0	-1.6587609211	0.0	0	0	0	0	Nan	1	NaN	0	0	Nan	1	NaN	0	0	Nan	1	NaN
743	-0.00306796157577	0.273048580244	0.0107378655152	0	0	-0.0	-1.6587609211	0.0	0	0	0	0	Nan	1	NaN	0	0	Nan	1	NaN	0	0	Nan	1	NaN
772	-0.00306796157577	0.223961195031	0.0107378655152	0	0	-0.0	-1.6587609211	0.0	0	0	0	0	Nan	1	NaN	0	0	Nan	1	NaN	0	0	Nan	1	NaN
796	-0.00306796157577	0.171805848243	0.0107378655152	0	0	-0.0	-1.6587609211	0.0	0	0	0	0	Nan	1	NaN	0	0	Nan	1	NaN	0	0	Nan	1	NaN
821	-0.00306796157577	0.124252443819	0.0107378655152	0	0	-0.0	-1.6587609211	0.0	0	0	0	0	Nan	1	NaN	0	0	Nan	1	NaN	0	0	Nan	1	NaN
845	-0.00306796157577	0.0797670009701	0.0107378655152	0	0	-0.0	-1.70483761335	0.0	0	0	0	0	Nan	1	NaN	0	0	Nan	1	NaN	0	0	Nan	1	NaN
874	-0.00306796157577	0.0368155389093	0.0107378655152	0	0	-0.0	-1.29014738307	0.0	0	0	0	0	Nan	1	NaN	0	0	Nan	1	NaN	0	0	Nan	1	NaN
900	-0.00306796157577	0.0184077694546	0.0107378655152	0	0	-0.0	-0.414690230274	0.0	0	0	0	0	Nan	1	NaN	0	0	Nan	1	NaN	0	0	Nan	1	NaN
925	-0.00306796157577	0.0153398078789	0.0107378655152	0	0	-0.0	-0.0	0.0	0	0	0	0	Nan	1	NaN	0	0	Nan	1	NaN	0	1.8	Nan	1	NaN
950	-0.00306796157577	0.0153398078789	0.0107378655152	0	0	-0.0	-0.0	0.0	0	0	0	0	Nan	1	NaN	0	0	Nan	1	NaN	0	1.8	Nan	1	NaN
976	-0.00306796157577	0.0153398078789	0.0199417502425	0	0	-0.0	-0.0	0.460766922527	0	0	0	0	Nan	1	NaN	0	0	Nan	1	NaN	0	1.8	Nan	1	NaN
1003	-0.00306796157577	0.0153398078789	0.0567572891518	0	0	-0.0	-0.0	1.33622407533	0	0	0	0	Nan	1	NaN	0	0	Nan	1	NaN	0	1.8	Nan	1	NaN
1027	-0.00460194236366	0.0153398078789	0.101242732	0	0	-0.0	-0.0	1.52053084434	0	0	0	0	Nan	1	NaN	0	0	Nan	1	NaN	0	1.8	Nan	1	NaN
1052	-0.00306796157577	0.0153398078789	0.151864098001	0	0	-0.0	-0.0	1.70483761335	0	0	0	0	Nan	1	NaN	0	0	Nan	1	NaN	0	1.8	Nan	1	NaN
1077	-0.00460194236366	0.0153398078789	0.200951483213	0	0	-0.0	-0.0	1.7509143056	0	0	0	0	Nan	1	NaN	0	0	Nan	1	NaN	0	1.8	Nan	1	NaN
1102	-0.00306796157577	0.0153398078789	0.250038868425	0	0	-0.0	-0.0	1.6587609211	0	0	0	0	Nan	1	NaN	0	0	Nan	1	NaN	0	1.8	Nan	1	NaN
1128	-0.00306796157577	0.0153398078789	0.29759227285	0	0	-0.0	-0.0	1.61268422884	0	0	0	0	Nan	1	NaN	0	0	Nan	1	NaN	0	1.8	Nan	1	NaN
1153	-0.00306796157577	0.0153398078789	0.346679658062	0	0	-0.0	-0.0	1.70483761335	0	0	0	0	Nan	1	NaN	0	0	Nan	1	NaN	0	1.8	Nan	1	NaN
1177	-0.00460194236366	0.0153398078789	0.394233062487	0	0	-0.0	-0.0	1.6587609211	0	0	0	0	Nan	1	NaN	0	0	Nan	1	NaN	0	1.8	Nan	1	NaN
1201	-0.00306796157577	0.013805827091	0.438718505335	0	0	-0.0	-0.0	1.6587609211	0	0	0	0	Nan	1	NaN	0	0	Nan	1	NaN	0	1.8	Nan	1	NaN
1225	-0.00306796157577	0.013805827091	0.484737928972	0	0	-0.0	-0.0	1.6587609211	0	0	0	0	Nan	1	NaN	0	0	Nan	1	NaN	0	1.8	Nan	1	NaN
1250	-0.00306796157577	0.0153398078789	0.532291333396	0	0	-0.0	-0.0	1.7509143056	0	0	0	0	Nan	1	NaN	0	0	Nan	1	NaN	0	1.8	Nan	1	NaN
1277	-0.00306796157577	0.013805827091	0.581378718609	0	0	-0.0	-0.0	1.6587609211	0	0	0	0	Nan	1	NaN	0	0	Nan	1	NaN	0	1.8	Nan	1	NaN
1301	-0.00306796157577	0.013805827091	0.632000084609	0	0	-0.0	-0.0	1.6587609211	0	0	0	0	Nan	1	NaN	0	0	Nan	1	NaN	0	1.8	Nan	1	NaN
1326	-0.00306796157577	0.013805827091	0.681087469821	0	0	-0.0	-0.0	1.70483761335	0	0	0	0	Nan	1	NaN	0	0	Nan	1	NaN	0	1.8	Nan	1	NaN
1350	-0.00460194236366	0.0153398078789	0.727106893458	0	0	-0.0	-0.0	1.70483761335	0	0	0	0	Nan	1	NaN	0	0	Nan	1	NaN	0	1.8	Nan	1	NaN
1378	-0.00306796157577	0.013805827091	0.77619427867	0	0	-0.0	-0.0	1.61268422884	0	0	0	0	Nan	1	NaN	0	0	Nan	1	NaN	0	1.8	Nan	1	NaN
1403	-0.00306796157577	0.0153398078789	0.829883606246	0	0	-0.0	-0.0	1.7509143056	0	0	0	0	Nan	1	NaN	0	0	Nan	1	NaN	0	1.8	Nan	1	NaN
1428	-0.00306796157577	0.013805827091	0.877437010671	0	0	-0.0	-0.0	1.6587609211	0	0	0	0	Nan	1	NaN	0	0	Nan	1	NaN	0	1.8	Nan	1	NaN
1453	-0.00306796157577	0.013805827091	0.923456434307	0	0	-0.0	-0.0	1.6587609211	0	0	0	0	Nan	1	NaN	0	0	Nan	1	NaN	0	1.8	Nan	1	NaN
1478	-0.00306796157577	0.013805827091	0.966407896368	0	0	-0.0	-0.0	1.61268422884	0	0	0	0	Nan	1	NaN	0	0	Nan	1	NaN	0	1.8	Nan	1	NaN
1503	-0.00306796157577	0.013805827091	1.01242732	0	0	-0.0	-0.0	1.56660753659	0	0	0	0	Nan	1	NaN	0	0	Nan	1	NaN	0	1.8	Nan	1	NaN
1528	-0.00306796157577	0.0153398078789	1.05231082049	0	0	-0.0	-0.0	1.42837745983	0	0	0	0	Nan	1	NaN	0	0	Nan	1	NaN	0	1.8	Nan	1	NaN
1553	-0.00306796157577	0.013805827091	1.09219432097	0	0	-0.0	-0.0	1.33622407533	0	0	0	0	Nan	1	NaN	0	0	Nan	1	NaN	0	1.8	Nan	1	NaN
1577	-0.00306796157577	0.013805827091	1.1274758791	0	0	-0.0	-0.0	1.33622407533	0	0	0	0	Nan	1	NaN	0	0	Nan	1	NaN	0	1.8	Nan	1	NaN
1601	-0.00460194236366	0.013805827091	1.16429141801	0	0	-0.0	-0.0	1.38230076758	0	0	0	0	Nan	1	NaN	0	0	Nan	1	NaN	0	1.8	Nan	1	NaN
1626	-0.00460194236366	0.013805827091	1.20724288007	0	0	-0.0	-0.0	1.47445415208	0	0	0	0	Nan	1	NaN	0	0	Nan	1	NaN	0	1.8	Nan	1	NaN
1650	-0.00306796157577	0.013805827091	1.24866036134	0	0	-0.0	-0.0	1.52053084434	0	0	0	0	Nan	1	NaN	0	0	Nan	1	NaN	0	1.8	Nan	1	NaN
1677	-0.00306796157577	0.013805827091	1.29314580419	0	0	-0.0	-0.0	1.52053084434	0	0	0	0	Nan	1	NaN	0	0	Nan	1	NaN	0	1.8	Nan	1	NaN
1702	-0.00306796157577	0.013805827091	1.33916522782	0	0	-0.0	-0.0	1.52053084434	0	0	0	0	Nan	1	NaN	0	0	Nan	1	NaN	0	1.8	Nan	1	NaN
1726	-0.00306796157577	0.013805827091	1.38518465146	0	0	-0.0	-0.0	1.6587609211	0	0	0	0	Nan	1	NaN	0	0	Nan	1	NaN	0	1.8	Nan	1	NaN
1752	-0.00460194236366	0.013805827091	1.43427203667	0	0	-0.0	-0.0	1.79699099785	0	0	0	0	Nan	1	NaN	0	0	Nan	1	NaN	0	1.8	Nan	1	NaN
1779	-0.00306796157577	0.013805827091	1.48642738346	0	0	-0.0	-0.0	1.7509143056	0	0	0	0	Nan	1	NaN	0	0	Nan	1	NaN	0	1.8	Nan	1	NaN
1804	-0.00306796157577	0.013805827091	1.53858273025	0	0	-0.0	-0.0	1.6587609211	0	0	0	0	Nan	1	NaN	0	0	Nan	1	NaN	0	1.8	Nan	1	NaN
1830	-0.00306796157577	0.013805827091	1.58613613467	0	0	-0.0	-0.0	1.61268422884	0	0	0	0	Nan	1	NaN	0	0	Nan	1	NaN	0	1.8	Nan	1	NaN
1855	-0.00306796157577	0.013805827091	1.62601963516	0	0	-0.0	-0.0	1.42837745983	0	0	0	0	Nan	1	NaN	0	0	Nan	1	NaN	0	1.8	Nan	1	NaN
1881	-0.00306796157577	0.013805827091	1.66897109722	0	0	-0.0	-0.0	1.38230076758	0	0	0	0	Nan	1	NaN	0	0	Nan	1	NaN	0	1.8	Nan	1	NaN
1907	-0.00306796157577	0.013805827091	1.70118469377	0	0	-0.0	-0.0	0.921533845053	0	0	0	0	Nan	1	NaN	0	0	Nan	1	NaN	0	1.8	Nan	1	NaN
1931	-0.00306796157577	0.013805827091	1.71345654007	0	0	-0.0	-0.0	0.322536845769	0	0	0	0	Nan	1	NaN	0	0	Nan	1	NaN	0	1.8	Nan	1	NaN
1956	-0.00306796157577	0.013805827091	1.72112644401	0	0	-0.0	-0.0	0.276460153516	0	0	0	0	Nan	1	NaN	0	0	Nan	1	NaN	0	1.8	Nan	1	NaN
1981	-0.00306796157577	0.013805827091	1.72726236716	0	0	-0.0	-0.0	0.230383461263	0	0	0	0	Nan	1	NaN	0	0	Nan	1	NaN	0	1.8	Nan	1	NaN
2007	-0.00306796157577	0.013805827091	1.72879634795	0	0	-0.0	-0.0	0.0	0	0	0	0	0.5	1	NaN	0	0	0.5	1	NaN	0	0	0.5	1	NaN
2032	-0.00306796157577	0.013805827091	1.73033032874	0	0	-0.0	-0.0	0.0	0	0	0	0	0.5	1	NaN	0	0	0.5	1	NaN	0	0	0.5	1	NaN
2059	-0.00306796157577	0.013805827091	1.73033032874	0	0	-0.0	-0.0	0.0	0	0	0	0	0.5	1	NaN	0	0	0.5	1	NaN	0	0	0.5	1	NaN
2084	-0.00306796157577	0.013805827091	1.73033032874	0	0	-0.0	-0.0	0.0	0	0	0	0	0.5	1	NaN	0	0	0.5	1	NaN	0	0	0.5	1	NaN
2109	-0.00306796157577	0.013805827091	1.73033032874	0	0	-0.0	-0.0	0.0	0	0	0	0	0.5	1	NaN	0	0	0.5	1	NaN	0	0	0.5	1	NaN
2134	-0.00306796157577	0.013805827091	1.72726236716	0	0	-0.0	-0.0	-0.138230076758	0	0	0	0	0.5	1	NaN	0	0	0.5	1	NaN	0	0	0.5	1	NaN
2159	-0.00306796157577	0.013805827091	1.71805848243	0	0	-0.0	-0.0	-0.322536845769	0	0	0	0	0.5	1	NaN	0	0	0.5	1	NaN	0	0	0.5	1	NaN
2184	-0.00306796157577	0.013805827091	1.70578663613	0	0	-0.0	-0.0	-0.368613538021	0	0	0	0	0.5	1	NaN	0	0	0.5	1	NaN	0	0	0.5	1	NaN
2209	-0.00306796157577	0.013805827091	1.6965827514	0	0	-0.0	-0.0	-0.414690230274	0	0	0	0	0.5	1	NaN	0	0	0.5	1	NaN	0	0	0.5	1	NaN
2234	-0.00306796157577	0.013805827091	1.6843109051	0	0	-0.0	-0.0	-0.460766922527	0	0	0	0	0.5	1	NaN	0	0	0.5	1	NaN	0	0	0.5	1	NaN
2259	-0.00306796157577	0.013805827091	1.6720390588	0	0	-0.0	-0.0	-0.368613538021	0	0	0	0	0.5	1	NaN	0	0	0.5	1	NaN	0	0	0.5	1	NaN
2286	-0.00306796157577	0.013805827091	1.65976721249	0	0	-0.0	-0.0	-0.414690230274	0	0	0	0	0.5	1	NaN	0	0	0.5	1	NaN	0	0	0.5	1	NaN
2311	-0.00306796157577	0.013805827091	1.64289342383	0	0	-0.0	-0.0	-0.506843614779	0	0	0	0	0.5	1	NaN	0	0	0.5	1	NaN	0	0	0.5	1	NaN
2338	-0.00306796157577	0.013805827091	1.62908759673	0	0	-0.0	-0.0	-0.552920307032	0	0	0	0	0.5	1	NaN	0	0	0.5	1	NaN	0	0	0.5	1	NaN
2364	-0.00306796157577	0.013805827091	1.61221380807	0	0	-0.0	-0.0	-0.460766922527	0	0	0	0	0.5	1	NaN	0	0	0.5	1	NaN	0	0	0.5	1	NaN
2394	-0.00306796157577	0.013805827091	1.59840798098	0	0	-0.0	-0.0	-0.506843614779	0	0	0	0	0.5	1	NaN	0	0	0.5	1	NaN	0	0	0.5	1	NaN
2420	-0.00306796157577	0.013805827091	1.58153419231	0	0	-0.0	-0.0	-0.506843614779	0	0	0	0	0.5	1	NaN	0	0	0.5	1	NaN	0	0	0.5	1	NaN
2445	-0.00306796157577	0.013805827091	1.56772836522	0	0	-0.0	-0.0	-0.460766922527	0	0	0	0	0.5	1	NaN	0	0	0.5	1	NaN	0	0	0.5	1	NaN
2470	-0.00306796157577	0.013805827091	1.55545651892	0	0	-0.0	-0.0	-0.460766922527	0	0	0	0	0.5	1	NaN	0	0	0.5	1	NaN	0	0	0.5	1	NaN
2495	-0.00306796157577	0.013805827091	1.54318467261	0	0	-0.0	-0.0	-0.460766922527	0	0	0	0	0.5	1	NaN	0	0	0.5	1	NaN	0	0	0.5	1	NaN
2520	-0.00306796157577	0.013805827091	1.52937884552	0	0	-0.0	-0.0	-0.460766922527	0	0	0	0	0.5	1	NaN	0	0	0.5	1	NaN	0	0	0.5	1	NaN
2547	-0.00460194236366	0.013805827091	1.51557301843	0	0	-0.0	-0.0	-0.460766922527	0	0	0	0	0.5	1	NaN	0	0	0.5	1	NaN	0	0	0.5	1	NaN
2571	-0.00460194236366	0.013805827091	1.50330117213	0	0	-0.0	-0.0	-0.460766922527	0	0	0	0	0.5	1	NaN	0	0	0.5	1	NaN	0	0	0.5	1	NaN
2596	-0.00306796157577	0.013805827091	1.49102932582	0	0	-0.0	-0.0	-0.460766922527	0	0	0	0	0.5	1	NaN	0	0	0.5	1	NaN	0	0	0.5	1	NaN
2622	-0.00306796157577	0.013805827091	1.47722349873	0	0	-0.0	-0.0	-0.552920307032	0	0	0	0	0.5	1	NaN	0	0	0.5	1	NaN	0	0	0.5	1	NaN
2647	-0.00306796157577	0.013805827091	1.46188369086	0	0	-0.0	-0.0	-0.506843614779	0	0	0	0	0.5	1	NaN	0	0	0.5	1	NaN	0	0	0.5	1	NaN
2672	-0.00306796157577	0.013805827091	1.44807786376	0	0	-0.0	-0.0	-0.506843614779	0	0	0	0	0.5	1	NaN	0	0	0.5	1	NaN	0	0	0.5	1	NaN
2697	-0.00460194236366	0.013805827091	1.4312040751	0	0	-0.0	-0.0	-0.506843614779	0	0	0	0	0.5	1	NaN	0	0	0.5	1	NaN	0	0	0.5	1	NaN
2722	-0.00306796157577	0.013805827091	1.41893222879	0	0	-0.0	-0.0	-0.414690230274	0	0	0	0	0.5	1	NaN	0	0	0.5	1	NaN	0	0	0.5	1	NaN
2747	-0.00306796157577	0.013805827091	1.40666038249	0	0	-0.0	-0.0	-0.414690230274	0	0	0	0	0.5	1	NaN	0	0	0.5	1	NaN	0	0	0.5	1	NaN
2774	-0.00306796157577	0.013805827091	1.39438853619	0	0	-0.0	-0.0	-0.460766922527	0	0	0	0	0.5	1	NaN	0	0	0.5	1	NaN	0	0	0.5	1	NaN
2799	-0.00306796157577	0.013805827091	1.3805827091	0	0	-0.0	-0.0	-0.506843614779	0	0	0	0	0.5	1	NaN	0	0	0.5	1	NaN	0	0	0.5	1	NaN
2825	-0.00306796157577	0.013805827091	1.36524290122	0	0	-0.0	-0.0	-0.506843614779	0	0	0	0	0.5	1	NaN	0	0	0.5	1	NaN	0	0	0.5	1	NaN
2850	-0.00306796157577	0.013805827091	1.35143707413	0	0	-0.0	-0.0	-0.460766922527	0	0	0	0	0.5	1	NaN	0	0	0.5	1	NaN	0	0	0.5	1	NaN
2876	-0.00306796157577	0.013805827091	1.33763124704	0	0	-0.0	-0.0	-0.506843614779	0	0	0	0	0.5	1	NaN	0	0	0.5	1	NaN	0	0	0.5	1	NaN
2902	-0.00306796157577	0.013805827091	1.32382541995	0	0	-0.0	-0.0	-0.460766922527	0	0	0	0	0.5	1	NaN	0	0	0.5	1	NaN	0	0	0.5	1	NaN
2927	-0.00306796157577	0.013805827091	1.31001959285	0	0	-0.0	-0.0	-0.460766922527	0	0	0	0	0.5	1	NaN	0	0	0.5	1	NaN	0	0	0.5	1	NaN
2953	-0.00306796157577	0.013805827091	1.29621376576	0	0	-0.0	-0.0	-0.460766922527	0	0	0	0	0.5	1	NaN	0	0	0.5	1	NaN	0	0	0.5	1	NaN
2977	-0.00306796157577	0.013805827091	1.28240793867	0	0	-0.0	-0.0	-0.506843614779	0	0	0	0	0.5	1	NaN	0	0	0.5	1	NaN	0	0	0.5	1	NaN
3001	-0.00306796157577	0.013805827091	1.26860211158	0	0	-0.0	-0.0	-0.506843614779	0	0	0	0	0.5	1	NaN	0	0	0.5	1	NaN	0	0	0.5	1	NaN
3025	-0.00306796157577	0.013805827091	1.25479628449	0	0	-0.0	-0.0	-0.506843614779	0	0	0	0	0.5	1	NaN	0	0	0.5	1	NaN	0	0	0.5	1	NaN
3050	-0.00306796157577	0.013805827091	1.24252443819	0	0	-0.0	-0.0	-0.414690230274	0	0	0	0	0.5	1	NaN	0	0	0.5	1	NaN	0	0	0.5	1	NaN
3077	-0.00306796157577	0.013805827091	1.23178657267	0	0	-0.0	-0.0	-0.460766922527	0	0	0	0	0.5	1	NaN	0	0	0.5	1	NaN	0	0	0.5	1	NaN
3102	-0.00306796157577	0.013805827091	1.21644676479	0	0	-0.0	-0.0	-0.460766922527	0	0	0	0	0.5	1	NaN	0	0	0.5	1	NaN	0	0	0.5	1	NaN
3127	-0.00306796157577	0.013805827091	1.20417491849	0	0	-0.0	-0.0	-0.460766922527	0	0	0	0	0.5	1	NaN	0	0	0.5	1	NaN	0	0	0.5	1	NaN
3153	-0.00306796157577	0.013805827091	1.1903690914	0	0	-0.0	-0.0	-0.506843614779	0	0	0	0	0.5	1	NaN	0	0	0.5	1	NaN	0	0	0.5	1	NaN
3178	-0.00460194236366	0.013805827091	1.17502928352	0	0	-0.0	-0.0	-0.506843614779	0	0	0	0	0.5	1	NaN	0	0	0.5	1	NaN	0	0	0.5	1	NaN
3204	-0.00306796157577	0.013805827091	1.16122345643	0	0	-0.0	-0.0	-0.460766922527	0	0	0	0	0.5	1	NaN	0	0	0.5	1	NaN	0	0	0.5	1	NaN
3229	-0.00306796157577	0.013805827091	1.14741762934	0	0	-0.0	-0.0	-0.460766922527	0	0	0	0	0.5	1	NaN	0	0	0.5	1	NaN	0	0	0.5	1	NaN
3254	-0.00306796157577	0.013805827091	1.13514578304	0	0	-0.0	-0.0	-0.460766922527	0	0	0	0	0.5	1	NaN	0	0	0.5	1	NaN	0	0	0.5	1	NaN
3283	-0.00306796157577	0.013805827091	1.12133995594	0	0	-0.0	-0.0	-0.460766922527	0	0	0	0	0.5	1	NaN	0	0	0.5	1	NaN	0	0	0.5	1	NaN
3309	-0.00306796157577	0.013805827091	1.10446616728	0	0	-0.0	-0.0	-0.460766922527	0	0	0	0	0.5	1	NaN	0	0	0.5	1	NaN	0	0	0.5	1	NaN
3334	-0.00306796157577	0.013805827091	1.09066034019	0	0	-0.0	-0.0	-0.506843614779	0	0	0	0	0.5	1	NaN	0	0	0.5	1	NaN	0	0	0.5	1	NaN
3358	-0.00306796157577	0.013805827091	1.07838849388	0	0	-0.0	-0.0	-0.460766922527	0	0	0	0	0.5	1	NaN	0	0	0.5	1	NaN	0	0	0.5	1	NaN
3384	-0.00306796157577	0.013805827091	1.06611664758	0	0	-0.0	-0.0	-0.460766922527	0	0	0	0	0.5	1	NaN	0	0	0.5	1	NaN	0	0	0.5	1	NaN
3412	-0.00306796157577	0.013805827091	1.05231082049	0	0	-0.0	-0.0	-0.460766922527	0	0	0	0	0.5	1	NaN	0	0	0.5	1	NaN	0	0	0.5	1	NaN
3436	-0.00306796157577	0.013805827091	1.0385049934	0	0	-0.0	-0.0	-0.414690230274	0	0	0	0	0.5	1	NaN	0	0	0.5	1	NaN	0	0	0.5	1	NaN
3461	-0.00306796157577	0.013805827091	1.02469916631	0	0	-0.0	-0.0	-0.506843614779	0	0	0	0	0.5	1	NaN	0	0	0.5	1	NaN	0	0	0.5	1	NaN
3486	-0.00306796157577	0.013805827091	1.01242732	0	0	-0.0	-0.0	-0.460766922527	0	0	0	0	0.5	1	NaN	0	0	0.5	1	NaN	0	0	0.5	1	NaN
3511	-0.00306796157577	0.013805827091	1.0001554737	0	0	-0.0	-0.0	-0.368613538021	0	0	0	0	0.5	1	NaN	0	0	0.5	1	NaN	0	0	0.5	1	NaN
3536	-0.00306796157577	0.013805827091	0.98634964661	0	0	-0.0	-0.0	-0.414690230274	0	0	0	0	0.5	1	NaN	0	0	0.5	1	NaN	0	0	0.5	1	NaN
3561	-0.00306796157577	0.013805827091	0.972543819519	0	0	-0.0	-0.0	-0.552920307032	0	0	0	0	0.5	1	NaN	0	0	0.5	1	NaN	0	0	0.5	1	NaN
3586	-0.00460194236366	0.013805827091	0.958737992429	0	0	-0.0	-0.0	-0.460766922527	0	0	0	0	0.5	1	NaN	0	0	0.5	1	NaN	0	0	0.5	1	NaN
3611	-0.00306796157577	0.013805827091	0.944932165338	0	0	-0.0	-0.0	-0.460766922527	0	0	0	0	0.5	1	NaN	0	0	0.5	1	NaN	0	0	0.5	1	NaN
3636	-0.00306796157577	0.013805827091	0.931126338247	0	0	-0.0	-0.0	-0.506843614779	0	0	0	0	0.5	1	NaN	0	0	0.5	1	NaN	0	0	0.5	1	NaN
3661	-0.00306796157577	0.013805827091	0.917320511156	0	0	-0.0	-0.0	-0.506843614779	0	0	0	0	0.5	1	NaN	0	0	0.5	1	NaN	0	0	0.5	1	NaN
3685	-0.00306796157577	0.013805827091	0.903514684065	0	0	-0.0	-0.0	-0.506843614779	0	0	0	0	0.5	1	NaN	0	0	0.5	1	NaN	0	0	0.5	1	NaN
3712	-0.00306796157577	0.013805827091	0.889708856974	0	0	-0.0	-0.0	-0.460766922527	0	0	0	0	0.5	1	NaN	0	0	0.5	1	NaN	0	0	0.5	1	NaN
3737	-0.00306796157577	0.013805827091	0.875903029883	0	0	-0.0	-0.0	-0.460766922527	0	0	0	0	0.5	1	NaN	0	0	0.5	1	NaN	0	0	0.5	1	NaN
3762	-0.00306796157577	0.013805827091	0.860563222004	0	0	-0.0	-0.0	-0.506843614779	0	0	0	0	0.5	1	NaN	0	0	0.5	1	NaN	0	0	0.5	1	NaN
3790	-0.00306796157577	0.013805827091	0.848291375701	0	0	-0.0	-0.0	-0.460766922527	0	0	0	0	0.5	1	NaN	0	0	0.5	1	NaN	0	0	0.5	1	NaN
3815	-0.00306796157577	0.013805827091	0.832951567822	0	0	-0.0	-0.0	-0.506843614779	0	0	0	0	0.5	1	NaN	0	0	0.5	1	NaN	0	0	0.5	1	NaN
3840	-0.00306796157577	0.013805827091	0.819145740731	0	0	-0.0	-0.0	-0.506843614779	0	0	0	0	0.5	1	NaN	0	0	0.5	1	NaN	0	0	0.5	1	NaN
3868	-0.00306796157577	0.013805827091	0.803805932852	0	0	-0.0	-0.0	-0.506843614779	0	0	0	0	0.5	1	NaN	0	0	0.5	1	NaN	0	0	0.5	1	NaN
3897	-0.00306796157577	0.013805827091	0.790000105761	0	0	-0.0	-0.0	-0.460766922527	0	0	0	0	0.5	1	NaN	0	0	0.5	1	NaN	0	0	0.5	1	NaN
3922	-0.00306796157577	0.013805827091	0.773126317094	0	0	-0.0	-0.0	-0.506843614779	0	0	0	0	0.5	1	NaN	0	0	0.5	1	NaN	0	0	0.5	1	NaN
3946	-0.00306796157577	0.013805827091	0.757786509216	0	0	-0.0	-0.0	-0.460766922527	0	0	0	0	0.5	1	NaN	0	0	0.5	1	NaN	0	0	0.5	1	NaN
3971	-0.00306796157577	0.013805827091	0.745514662912	0	0	-0.0	-0.0	-0.460766922527	0	0	0	0	0.5	1	NaN	0	0	0.5	1	NaN	0	0	0.5	1	NaN
3997	-0.00306796157577	0.013805827091	0.731708835821	0	0	-0.0	-0.0	-0.460766922527	0	0	0	0	0.5	1	NaN	0	0	0.5	1	NaN	0	0	0.5	1	NaN
4022	-0.00306796157577	0.013805827091	0.716369027943	0	0	-0.0	-0.0	-0.460766922527	0	0	0	0	0.5	1	NaN	0	0	0.5	1	NaN	0	0	0.5	1	NaN
4047	-0.00306796157577	0.013805827091	0.702563200852	0	0	-0.0	-0.0	-0.506843614779	0	0	0	0	0.5	1	NaN	0	0	0.5	1	NaN	0	0	0.5	1	NaN
4071	-0.00306796157577	0.013805827091	0.690291354549	0	0	-0.0	-0.0	-0.460766922527	0	0	0	0	0.5	1	NaN	0	0	0.5	1	NaN	0	0	0.5	1	NaN
4096	-0.00306796157577	0.013805827091	0.676485527458	0	0	-0.0	-0.0	-0.460766922527	0	0	0	0	0.5	1	NaN	0	0	0.5	1	NaN	0	0	0.5	1	NaN
4121	-0.00306796157577	0.013805827091	0.664213681154	0	0	-0.0	-0.0	-0.506843614779	0	0	0	0	0.5	1	NaN	0	0	0.5	1	NaN	0	0	0.5	1	NaN
4146	-0.00306796157577	0.013805827091	0.650407854064	0	0	-0.0	-0.0	-0.460766922527	0	0	0	0	0.5	1	NaN	0	0	0.5	1	NaN	0	0	0.5	1	NaN
4171	-0.00306796157577	0.013805827091	0.636602026973	0	0	-0.0	-0.0	-0.506843614779	0	0	0	0	0.5	1	NaN	0	0	0.5	1	NaN	0	0	0.5	1	NaN
4195	-0.00306796157577	0.013805827091	0.622796199882	0	0	-0.0	-0.0	-0.506843614779	0	0	0	0	0.5	1	NaN	0	0	0.5	1	NaN	0	0	0.5	1	NaN
4220	-0.00306796157577	0.013805827091	0.608990372791	0	0	-0.0	-0.0	-0.460766922527	0	0	0	0	0.5	1	NaN	0	0	0.5	1	NaN	0	0	0.5	1	NaN
4245	-0.00306796157577	0.013805827091	0.5951845457	0	0	-0.0	-0.0	-0.460766922527	0	0	0	0	0.5	1	NaN	0	0	0.5	1	NaN	0	0	0.5	1	NaN
4270	-0.00306796157577	0.013805827091	0.581378718609	0	0	-0.0	-0.0	-0.460766922527	0	0	0	0	0.5	1	NaN	0	0	0.5	1	NaN	0	0	0.5	1	NaN
4297	-0.00306796157577	0.013805827091	0.567572891518	0	0	-0.0	-0.0	-0.460766922527	0	0	0	0	0.5	1	NaN	0	0	0.5	1	NaN	0	0	0.5	1	NaN
4322	-0.00306796157577	0.013805827091	0.553767064427	0	0	-0.0	-0.0	-0.460766922527	0	0	0	0	0.5	1	NaN	0	0	0.5	1	NaN	0	0	0.5	1	NaN
4348	-0.00306796157577	0.013805827091	0.539961237336	0	0	-0.0	-0.0	-0.460766922527	0	0	0	0	0.5	1	NaN	0	0	0.5	1	NaN	0	0	0.5	1	NaN
4376	-0.00306796157577	0.013805827091	0.526155410245	0	0	-0.0	-0.0	-0.506843614779	0	0	0	0	0.5	1	NaN	0	0	0.5	1	NaN	0	0	0.5	1	NaN
4401	-0.00306796157577	0.0122718463031	0.510815602366	0	0	-0.0	-0.0	-0.460766922527	0	0	0	0	0.5	1	NaN	0	0	0.5	1	NaN	0	0	0.5	1	NaN
4426	-0.00306796157577	0.013805827091	0.497009775275	0	0	-0.0	-0.0	-0.460766922527	0	0	0	0	0.5	1	NaN	0	0	0.5	1	NaN	0	0	0.5	1	NaN
4450	-0.00306796157577	0.013805827091	0.483203948184	0	0	-0.0	-0.0	-0.506843614779	0	0	0	0	0.5	1	NaN	0	0	0.5	1	NaN	0	0	0.5	1	NaN
4476	-0.00306796157577	0.013805827091	0.467864140305	0	0	-0.0	-0.0	-0.460766922527	0	0	0	0	0.5	1	NaN	0	0	0.5	1	NaN	0	0	0.5	1	NaN
4501	-0.00460194236366	0.013805827091	0.455592294002	0	0	-0.0	-0.0	-0.460766922527	0	0	0	0	0.5	1	NaN	0	0	0.5	1	NaN	0	0	0.5	1	NaN
4526	-0.00306796157577	0.013805827091	0.440252486123	0	0	-0.0	-0.0	-0.506843614779	0	0	0	0	0.5	1	NaN	0	0	0.5	1	NaN	0	0	0.5	1	NaN
4552	-0.00306796157577	0.013805827091	0.424912678244	0	0	-0.0	-0.0	-0.506843614779	0	0	0	0	0.5	1	NaN	0	0	0.5	1	NaN	0	0	0.5	1	NaN
4576	-0.00306796157577	0.013805827091	0.412640831941	0	0	-0.0	-0.0	-0.506843614779	0	0	0	0	0.5	1	NaN	0	0	0.5	1	NaN	0	0	0.5	1	NaN
4600	-0.00306796157577	0.013805827091	0.39883500485	0	0	-0.0	-0.0	-0.460766922527	0	0	0	0	0.5	1	NaN	0	0	0.5	1	NaN	0	0	0.5	1	NaN
4625	-0.00306796157577	0.013805827091	0.385029177759	0	0	-0.0	-0.0	-0.460766922527	0	0	0	0	0.5	1	NaN	0	0	0.5	1	NaN	0	0	0.5	1	NaN
4650	-0.00306796157577	0.013805827091	0.371223350668	0	0	-0.0	-0.0	-0.460766922527	0	0	0	0	0.5	1	NaN	0	0	0.5	1	NaN	0	0	0.5	1	NaN
4675	-0.00306796157577	0.013805827091	0.357417523577	0	0	-0.0	-0.0	-0.552920307032	0	0	0	0	0.5	1	NaN	0	0	0.5	1	NaN	0	0	0.5	1	NaN
4700	-0.00306796157577	0.013805827091	0.343611696486	0	0	-0.0	-0.0	-0.460766922527	0	0	0	0	0.5	1	NaN	0	0	0.5	1	NaN	0	0	0.5	1	NaN
4725	-0.00306796157577	0.013805827091	0.329805869395	0	0	-0.0	-0.0	-0.506843614779	0	0	0	0	0.5	1	NaN	0	0	0.5	1	NaN	0	0	0.5	1	NaN
4750	-0.00306796157577	0.013805827091	0.316000042304	0	0	-0.0	-0.0	-0.506843614779	0	0	0	0	0.5	1	NaN	0	0	0.5	1	NaN	0	0	0.5	1	NaN
4775	-0.00306796157577	0.013805827091	0.302194215213	0	0	-0.0	-0.0	-0.460766922527	0	0	0	0	0.5	1	NaN	0	0	0.5	1	NaN	0	0	0.5	1	NaN
4800	-0.00306796157577	0.013805827091	0.288388388123	0	0	-0.0	-0.0	-0.460766922527	0	0	0	0	0.5	1	NaN	0	0	0.5	1	NaN	0	0	0.5	1	NaN
4825	-0.00306796157577	0.013805827091	0.274582561032	0	0	-0.0	-0.0	-0.460766922527	0	0	0	0	0.5	1	NaN	0	0	0.5	1	NaN	0	0	0.5	1	NaN
4850	-0.00306796157577	0.013805827091	0.260776733941	0	0	-0.0	-0.0	-0.460766922527	0	0	0	0	0.5	1	NaN	0	0	0.5	1	NaN	0	0	0.5	1	NaN
4878	-0.00306796157577	0.013805827091	0.24697090685	0	0	-0.0	-0.0	-0.552920307032	0	0	0	0	0.5	1	NaN	0	0	0.5	1	NaN	0	0	0.5	1	NaN
4908	-0.00306796157577	0.013805827091	0.231631098971	0	0	-0.0	-0.0	-0.460766922527	0	0	0	0	0.5	1	NaN	0	0	0.5	1	NaN	0	0	0.5	1	NaN
4932	-0.00306796157577	0.013805827091	0.216291291092	0	0	-0.0	-0.0	-0.460766922527	0	0	0	0	0.5	1	NaN	0	0	0.5	1	NaN	0	0	0.5	1	NaN
4956	-0.00306796157577	0.013805827091	0.204019444789	0	0	-0.0	-0.0	-0.460766922527	0	0	0	0	0.5	1	NaN	0	0	0.5	1	NaN	0	0	0.5	1	NaN
4981	-0.00306796157577	0.013805827091	0.190213617698	0	0	-0.0	-0.0	-0.460766922527	0	0	0	0	0.5	1	NaN	0	0	0.5	1	NaN	0	0	0.5	1	NaN
5006	-0.00306796157577	0.013805827091	0.176407790607	0	0	-0.0	-0.0	-0.506843614779	0	0	0	0	0.5	1	NaN	0	0	0.5	1	NaN	0	0	0.5	1	NaN
5032	-0.00306796157577	0.013805827091	0.162601963516	0	0	-0.0	-0.0	-0.506843614779	0	0	0	0	0.5	1	NaN	0	0	0.5	1	NaN	0	0	0.5	1	NaN
5058	-0.00306796157577	0.013805827091	0.148796136425	0	0	-0.0	-0.0	-0.460766922527	0	0	0	0	0.5	1	NaN	0	0	0.5	1	NaN	0	0	0.5	1	NaN
5082	-0.00306796157577	0.013805827091	0.134990309334	0	0	-0.0	-0.0	-0.506843614779	0	0	0	0	0.5	1	NaN	0	0	0.5	1	NaN	0	0	0.5	1	NaN
5107	-0.00306796157577	0.013805827091	0.122718463031	0	0	-0.0	-0.0	-0.506843614779	0	0	0	0	0.5	1	NaN	0	0	0.5	1	NaN	0	0	0.5	1	NaN
5133	-0.00306796157577	0.013805827091	0.10891263594	0	0	-0.0	-0.0	-0.460766922527	0	0	0	0	0.5	1	NaN	0	0	0.5	1	NaN	0	0	0.5	1	NaN
5159	-0.00306796157577	0.013805827091	0.0966407896368	0	0	-0.0	-0.0	-0.460766922527	0	0	0	0	0.5	1	NaN	0	0	0.5	1	NaN	0	0	0.5	1	NaN
5184	-0.00306796157577	0.013805827091	0.0843689433337	0	0	-0.0	-0.0	-0.460766922527	0	0	0	0	0.5	1	NaN	0	0	0.5	1	NaN	0	0	0.5	1	NaN
5209	-0.00306796157577	0.013805827091	0.0705631162427	0	0	-0.0	-0.0	-0.506843614779	0	0	0	0	0.5	1	NaN	0	0	0.5	1	NaN	0	0	0.5	1	NaN
5234	-0.00306796157577	0.013805827091	0.0567572891518	0	0	-0.0	-0.0	-0.460766922527	0	0	0	0	0.5	1	NaN	0	0	0.5	1	NaN	0	0	0.5	1	NaN
5259	-0.00306796157577	0.013805827091	0.0429514620608	0	0	-0.0	-0.0	-0.506843614779	0	0	0	0	0.5	1	NaN	0	0	0.5	1	NaN	0	0	0.5	1	NaN
5283	-0.00306796157577	0.013805827091	0.0306796157577	0	0	-0.0	-0.0	-0.506843614779	0	0	0	0	0.5	1	NaN	0	0	0.5	1	NaN	0	0	0.5	1	NaN
5307	-0.00306796157577	0.013805827091	0.0184077694546	0	0	-0.0	-0.0	-0.368613538021	0	0	0	0	0.5	1	NaN	0	0	0.5	1	NaN	0	0	0.5	1	NaN
5331	-0.00306796157577	0.013805827091	0.0122718463031	0	0	-0.0	-0.0	-0.138230076758	0	0	0	0	0.5	1	NaN	0	0	0.5	1	NaN	0	0	0.5	1	NaN
5357	-0.00306796157577	0.013805827091	0.0122718463031	0	0	-0.0	-0.0	0.0	0	0	0	0.785398163397	1	1	NaN	0	1.57079632679	1	1	NaN	0	0	1	1	NaN
5373	-0.00306796157577	0.013805827091	0.0122718463031	0	0	-0.0	-0.0	0.0	0	0	NaN	NaN	NaN	NaN	NaN	NaN	NaN	NaN	NaN	NaN	NaN	NaN
5386	-0.0	0.013805827091	0.0107378655152	0	0	0.184306769011	-0.0	0.0	0	0	NaN	NaN	NaN	NaN	NaN	NaN	NaN	NaN	NaN	NaN	NaN	NaN
5398	0.00766990393943	0.013805827091	0.0122718463031	0	0	0.460766922527	-0.0	0.0	0	0	NaN	NaN	NaN	NaN	NaN	NaN	NaN	NaN	NaN	NaN	NaN	NaN
5411	0.0184077694546	0.0153398078789	0.0122718463031	0	0	0.645073691537	0.184306769011	0.0	0	0	NaN	NaN	NaN	NaN	NaN	NaN	NaN	NaN	NaN	NaN	NaN	NaN
5424	0.0306796157577	0.0245436926062	0.0122718463031	0	0	0.8754571528	0.460766922527	0.0	0	0	NaN	NaN	NaN	NaN	NaN	NaN	NaN	NaN	NaN	NaN	NaN	NaN
5437	0.0444854428487	0.0352815581214	0.0122718463031	0	0	0.967610537306	0.645073691537	0.0	0	0	NaN	NaN	NaN	NaN	NaN	NaN	NaN	NaN	NaN	NaN	NaN	NaN
5450	0.0582912699397	0.0475534044245	0.0107378655152	0	0	1.01368722956	0.829380460548	0.0	0	0	NaN	NaN	NaN	NaN	NaN	NaN	NaN	NaN	NaN	NaN	NaN	NaN
5463	0.0736310778185	0.0613592315154	0.0122718463031	0	0	1.01368722956	0.921533845053	0.0	0	0	NaN	NaN	NaN	NaN	NaN	NaN	NaN	NaN	NaN	NaN	NaN	NaN
5476	0.0889708856974	0.0751650586064	0.0122718463031	0	0	1.01368722956	0.967610537306	0.0	0	0	NaN	NaN	NaN	NaN	NaN	NaN	NaN	NaN	NaN	NaN	NaN	NaN
5489	0.104310693576	0.0905048664853	0.0122718463031	0	0	1.01368722956	0.967610537306	0.0	0	0	NaN	NaN	NaN	NaN	NaN	NaN	NaN	NaN	NaN	NaN	NaN	NaN
5501	0.118116520667	0.104310693576	0.0107378655152	0	0	0.967610537306	0.967610537306	0.0	0	0	NaN	NaN	NaN	NaN	NaN	NaN	NaN	NaN	NaN	NaN	NaN	NaN
5514	0.131922347758	0.118116520667	0.0122718463031	0	0	0.967610537306	0.967610537306	0.0	0	0	NaN	NaN	NaN	NaN	NaN	NaN	NaN	NaN	NaN	NaN	NaN	NaN
5526	0.145728174849	0.133456328546	0.0107378655152	0	0	0.967610537306	0.967610537306	0.0	0	0	NaN	NaN	NaN	NaN	NaN	NaN	NaN	NaN	NaN	NaN	NaN	NaN
5539	0.15953400194	0.147262155637	0.0107378655152	0	0	0.967610537306	1.01368722956	0.0	0	0	NaN	NaN	NaN	NaN	NaN	NaN	NaN	NaN	NaN	NaN	NaN	NaN
5552	0.174873809819	0.161067982728	0.0107378655152	0	0	0.967610537306	1.01368722956	0.0	0	0	NaN	NaN	NaN	NaN	NaN	NaN	NaN	NaN	NaN	NaN	NaN	NaN
5565	0.18867963691	0.176407790607	0.0107378655152	0	0	0.967610537306	0.967610537306	0.0	0	0	NaN	NaN	NaN	NaN	NaN	NaN	NaN	NaN	NaN	NaN	NaN	NaN
5578	0.204019444789	0.190213617698	0.0107378655152	0	0	0.967610537306	0.967610537306	0.0	0	0	NaN	NaN	NaN	NaN	NaN	NaN	NaN	NaN	NaN	NaN	NaN	NaN
5591	0.216291291092	0.202485464001	0.0107378655152	0	0	0.921533845053	0.921533845053	0.0	0	0	NaN	NaN	NaN	NaN	NaN	NaN	NaN	NaN	NaN	NaN	NaN	NaN
5604	0.230097118183	0.216291291092	0.0107378655152	0	0	0.921533845053	0.967610537306	0.0	0	0	NaN	NaN	NaN	NaN	NaN	NaN	NaN	NaN	NaN	NaN	NaN	NaN
5617	0.242368964486	0.231631098971	0.0107378655152	0	0	0.8754571528	0.921533845053	0.0	0	0	NaN	NaN	NaN	NaN	NaN	NaN	NaN	NaN	NaN	NaN	NaN	NaN
5629	0.254640810789	0.243902945274	0.0107378655152	0	0	0.921533845053	0.967610537306	0.0	0	0	NaN	NaN	NaN	NaN	NaN	NaN	NaN	NaN	NaN	NaN	NaN	NaN
5642	0.26844663788	0.259242753153	0.0107378655152	0	0	0.921533845053	0.967610537306	0.0	0	0	NaN	NaN	NaN	NaN	NaN	NaN	NaN	NaN	NaN	NaN	NaN	NaN
5655	0.282252464971	0.271514599456	0.0122718463031	0	0	0.921533845053	0.967610537306	0.0	0	0	NaN	NaN	NaN	NaN	NaN	NaN	NaN	NaN	NaN	NaN	NaN	NaN
5668	0.296058292062	0.286854407335	0.0107378655152	0	0	0.921533845053	0.921533845053	0.0	0	0	NaN	NaN	NaN	NaN	NaN	NaN	NaN	NaN	NaN	NaN	NaN	NaN
5681	0.311398099941	0.299126253638	0.0122718463031	0	0	0.967610537306	0.967610537306	0.0	0	0	NaN	NaN	NaN	NaN	NaN	NaN	NaN	NaN	NaN	NaN	NaN	NaN
5694	0.325203927032	0.312932080729	0.0107378655152	0	0	0.967610537306	0.967610537306	0.0	0	0	NaN	NaN	NaN	NaN	NaN	NaN	NaN	NaN	NaN	NaN	NaN	NaN
5706	0.339009754123	0.328271888608	0.0107378655152	0	0	0.967610537306	0.967610537306	0.0	0	0	NaN	NaN	NaN	NaN	NaN	NaN	NaN	NaN	NaN	NaN	NaN	NaN
5719	0.352815581214	0.343611696486	0.0107378655152	0	0	0.967610537306	0.967610537306	0.0	0	0	NaN	NaN	NaN	NaN	NaN	NaN	NaN	NaN	NaN	NaN	NaN	NaN
5732	0.366621408305	0.357417523577	0.0107378655152	0	0	0.921533845053	0.967610537306	0.0	0	0	NaN	NaN	NaN	NaN	NaN	NaN	NaN	NaN	NaN	NaN	NaN	NaN
5744	0.380427235396	0.36968936988	0.0107378655152	0	0	0.921533845053	1.01368722956	0.0	0	0	NaN	NaN	NaN	NaN	NaN	NaN	NaN	NaN	NaN	NaN	NaN	NaN
5757	0.394233062487	0.385029177759	0.0107378655152	0	0	0.921533845053	0.921533845053	0.0	0	0	NaN	NaN	NaN	NaN	NaN	NaN	NaN	NaN	NaN	NaN	NaN	NaN
5770	0.40650490879	0.397301024062	0.0107378655152	0	0	0.8754571528	0.921533845053	0.0	0	0	NaN	NaN	NaN	NaN	NaN	NaN	NaN	NaN	NaN	NaN	NaN	NaN
5783	0.420310735881	0.409572870365	0.0107378655152	0	0	0.921533845053	0.921533845053	0.0	0	0	NaN	NaN	NaN	NaN	NaN	NaN	NaN	NaN	NaN	NaN	NaN	NaN
5796	0.434116562972	0.426446659032	0.0107378655152	0	0	0.8754571528	0.921533845053	0.0	0	0	NaN	NaN	NaN	NaN	NaN	NaN	NaN	NaN	NaN	NaN	NaN	NaN
5809	0.447922390063	0.441786466911	0.0107378655152	0	0	0.967610537306	0.921533845053	0.0	0	0	NaN	NaN	NaN	NaN	NaN	NaN	NaN	NaN	NaN	NaN	NaN	NaN
5821	0.461728217154	0.452524332426	0.0107378655152	0	0	0.967610537306	0.967610537306	0.0	0	0	NaN	NaN	NaN	NaN	NaN	NaN	NaN	NaN	NaN	NaN	NaN	NaN
5834	0.475534044245	0.467864140305	0.0107378655152	0	0	0.921533845053	0.967610537306	0.0	0	0	NaN	NaN	NaN	NaN	NaN	NaN	NaN	NaN	NaN	NaN	NaN	NaN
5847	0.489339871336	0.481669967396	0.0122718463031	0	0	1.01368722956	0.967610537306	0.0	0	0	NaN	NaN	NaN	NaN	NaN	NaN	NaN	NaN	NaN	NaN	NaN	NaN
5860	0.503145698426	0.495475794487	0.0107378655152	0	0	0.967610537306	0.967610537306	0.0	0	0	NaN	NaN	NaN	NaN	NaN	NaN	NaN	NaN	NaN	NaN	NaN	NaN
5876	0.516951525517	0.512349583154	0.0107378655152	0	0	0.967610537306	0.921533845053	0.0	0	0	NaN	NaN	NaN	NaN	NaN	NaN	NaN	NaN	NaN	NaN	NaN	NaN
5889	0.533825314184	0.529223371821	0.0107378655152	0	0	0.967610537306	0.967610537306	0.0	0	0	NaN	NaN	NaN	NaN	NaN	NaN	NaN	NaN	NaN	NaN	NaN	NaN
5906	0.547631141275	0.541495218124	0.0107378655152	0	0	0.921533845053	0.921533845053	0.0	0	0	NaN	NaN	NaN	NaN	NaN	NaN	NaN	NaN	NaN	NaN	NaN	NaN
5919	0.56603891073	0.559902987578	0.0107378655152	0	0	0.921533845053	0.921533845053	0.0	0	0	NaN	NaN	NaN	NaN	NaN	NaN	NaN	NaN	NaN	NaN	NaN	NaN
5932	0.581378718609	0.575242795457	0.0107378655152	0	0	0.967610537306	0.967610537306	0.0	0	0	NaN	NaN	NaN	NaN	NaN	NaN	NaN	NaN	NaN	NaN	NaN	NaN
5945	0.5951845457	0.589048622548	0.0107378655152	0	0	0.967610537306	0.921533845053	0.0	0	0	NaN	NaN	NaN	NaN	NaN	NaN	NaN	NaN	NaN	NaN	NaN	NaN
5957	0.607456392003	0.602854449639	0.0107378655152	0	0	0.8754571528	0.921533845053	0.0	0	0	NaN	NaN	NaN	NaN	NaN	NaN	NaN	NaN	NaN	NaN	NaN	NaN
5969	0.618194257518	0.615126295942	0.0107378655152	0	0	0.8754571528	0.967610537306	0.0	0	0	NaN	NaN	NaN	NaN	NaN	NaN	NaN	NaN	NaN	NaN	NaN	NaN
5981	0.632000084609	0.628932123033	0.0107378655152	0	0	0.921533845053	0.967610537306	0.0	0	0	NaN	NaN	NaN	NaN	NaN	NaN	NaN	NaN	NaN	NaN	NaN	NaN
5994	0.644271930912	0.642737950124	0.0107378655152	0	0	0.921533845053	0.967610537306	0.0	0	0	NaN	NaN	NaN	NaN	NaN	NaN	NaN	NaN	NaN	NaN	NaN	NaN
6006	0.658077758003	0.656543777215	0.0107378655152	0	0	0.921533845053	0.921533845053	0.0	0	0	NaN	NaN	NaN	NaN	NaN	NaN	NaN	NaN	NaN	NaN	NaN	NaN
6020	0.671883585094	0.668815623518	0.0107378655152	0	0	0.921533845053	0.921533845053	0.0	0	0	NaN	NaN	NaN	NaN	NaN	NaN	NaN	NaN	NaN	NaN	NaN	NaN
6032	0.687223392973	0.684155431397	0.0107378655152	0	0	0.967610537306	0.967610537306	0.0	0	0	NaN	NaN	NaN	NaN	NaN	NaN	NaN	NaN	NaN	NaN	NaN	NaN
6045	0.701029220064	0.699495239276	0.0107378655152	0	0	0.921533845053	0.967610537306	0.0	0	0	NaN	NaN	NaN	NaN	NaN	NaN	NaN	NaN	NaN	NaN	NaN	NaN
6058	0.714835047155	0.714835047155	0.0107378655152	0	0	0.921533845053	0.967610537306	0.0	0	0	NaN	NaN	NaN	NaN	NaN	NaN	NaN	NaN	NaN	NaN	NaN	NaN
6071	0.727106893458	0.727106893458	0.0122718463031	0	0	0.921533845053	0.967610537306	0.0	0	0	NaN	NaN	NaN	NaN	NaN	NaN	NaN	NaN	NaN	NaN	NaN	NaN
6084	0.740912720549	0.742446701337	0.0107378655152	0	0	0.921533845053	0.921533845053	0.0	0	0	NaN	NaN	NaN	NaN	NaN	NaN	NaN	NaN	NaN	NaN	NaN	NaN
6096	0.751650586064	0.756252528428	0.0107378655152	0	0	0.783303768295	0.921533845053	0.0	0	0	NaN	NaN	NaN	NaN	NaN	NaN	NaN	NaN	NaN	NaN	NaN	NaN
6110	0.757786509216	0.770058355519	0.0107378655152	0	0	0.506843614779	1.01368722956	0.0	0	0	NaN	NaN	NaN	NaN	NaN	NaN	NaN	NaN	NaN	NaN	NaN	NaN
6122	0.762388451579	0.786932144185	0.0107378655152	0	0	0.322536845769	1.05976392181	0.0	0	0	NaN	NaN	NaN	NaN	NaN	NaN	NaN	NaN	NaN	NaN	NaN	NaN
6134	0.763922432367	0.799203990488	0.0107378655152	0	0	0.138230076758	1.01368722956	0.0	0	0	NaN	NaN	NaN	NaN	NaN	NaN	NaN	NaN	NaN	NaN	NaN	NaN
6147	0.763922432367	0.814543798367	0.0122718463031	0	0	-0.0	0.967610537306	0.0	0	0	NaN	NaN	NaN	NaN	NaN	NaN	NaN	NaN	NaN	NaN	NaN	NaN
6160	0.763922432367	0.828349625458	0.0107378655152	0	0	-0.0	0.921533845053	0.0	0	0	NaN	NaN	NaN	NaN	NaN	NaN	NaN	NaN	NaN	NaN	NaN	NaN
6173	0.763922432367	0.842155452549	0.0107378655152	0	0	-0.0	0.8754571528	0.0	0	0	NaN	NaN	NaN	NaN	NaN	NaN	NaN	NaN	NaN	NaN	NaN	NaN
6185	0.763922432367	0.854427298852	0.0107378655152	0	0	-0.0	0.921533845053	0.0	0	0	NaN	NaN	NaN	NaN	NaN	NaN	NaN	NaN	NaN	NaN	NaN	NaN
6198	0.763922432367	0.868233125943	0.0107378655152	0	0	-0.0	0.921533845053	0.0	0	0	NaN	NaN	NaN	NaN	NaN	NaN	NaN	NaN	NaN	NaN	NaN	NaN
6219	0.763922432367	0.880504972246	0.0107378655152	0	0	-0.0	0.967610537306	0.0	0	0	NaN	NaN	NaN	NaN	NaN	NaN	NaN	NaN	NaN	NaN	NaN	NaN
6232	0.763922432367	0.905048664853	0.0107378655152	0	0	-0.0	0.967610537306	0.0	0	0	NaN	NaN	NaN	NaN	NaN	NaN	NaN	NaN	NaN	NaN	NaN	NaN
6244	0.763922432367	0.918854491943	0.0107378655152	0	0	-0.0	0.967610537306	0.0	0	0	NaN	NaN	NaN	NaN	NaN	NaN	NaN	NaN	NaN	NaN	NaN	NaN
6256	0.763922432367	0.934194299822	0.0107378655152	0	0	-0.0	0.967610537306	0.0	0	0	NaN	NaN	NaN	NaN	NaN	NaN	NaN	NaN	NaN	NaN	NaN	NaN
6270	0.763922432367	0.949534107701	0.0107378655152	0	0	-0.0	0.967610537306	0.0	0	0	NaN	NaN	NaN	NaN	NaN	NaN	NaN	NaN	NaN	NaN	NaN	NaN
6284	0.763922432367	0.963339934792	0.0107378655152	0	0	-0.0	0.967610537306	0.0	0	0	NaN	NaN	NaN	NaN	NaN	NaN	NaN	NaN	NaN	NaN	NaN	NaN
6297	0.763922432367	0.978679742671	0.0107378655152	0	0	-0.0	0.921533845053	0.0	0	0	NaN	NaN	NaN	NaN	NaN	NaN	NaN	NaN	NaN	NaN	NaN	NaN
6309	0.763922432367	0.992485569762	0.0107378655152	0	0	-0.0	0.967610537306	0.0	0	0	NaN	NaN	NaN	NaN	NaN	NaN	NaN	NaN	NaN	NaN	NaN	NaN
6321	0.763922432367	1.00475741607	0.0107378655152	0	0	-0.0	0.967610537306	0.0	0	0	NaN	NaN	NaN	NaN	NaN	NaN	NaN	NaN	NaN	NaN	NaN	NaN
6334	0.763922432367	1.02009722394	0.0107378655152	0	0	-0.0	0.967610537306	0.0	0	0	NaN	NaN	NaN	NaN	NaN	NaN	NaN	NaN	NaN	NaN	NaN	NaN
6347	0.763922432367	1.03390305103	0.0107378655152	0	0	-0.0	0.967610537306	0.0	0	0	NaN	NaN	NaN	NaN	NaN	NaN	NaN	NaN	NaN	NaN	NaN	NaN
6359	0.763922432367	1.04770887813	0.0107378655152	0	0	-0.0	0.967610537306	0.0	0	0	NaN	NaN	NaN	NaN	NaN	NaN	NaN	NaN	NaN	NaN	NaN	NaN
6371	0.763922432367	1.05998072443	0.0107378655152	0	0	-0.0	0.967610537306	0.0	0	0	NaN	NaN	NaN	NaN	NaN	NaN	NaN	NaN	NaN	NaN	NaN	NaN
6384	0.763922432367	1.07532053231	0.0107378655152	0	0	-0.0	0.967610537306	0.0	0	0	NaN	NaN	NaN	NaN	NaN	NaN	NaN	NaN	NaN	NaN	NaN	NaN
6398	0.763922432367	1.0891263594	0.0107378655152	0	0	-0.0	0.967610537306	0.0	0	0	NaN	NaN	NaN	NaN	NaN	NaN	NaN	NaN	NaN	NaN	NaN	NaN
6411	0.763922432367	1.10446616728	0.0107378655152	0	0	-0.0	0.921533845053	0.0	0	0	NaN	NaN	NaN	NaN	NaN	NaN	NaN	NaN	NaN	NaN	NaN	NaN
6424	0.763922432367	1.11980597516	0.0107378655152	0	0	-0.0	0.921533845053	0.0	0	0	NaN	NaN	NaN	NaN	NaN	NaN	NaN	NaN	NaN	NaN	NaN	NaN
6437	0.763922432367	1.13514578304	0.0107378655152	0	0	-0.0	0.921533845053	0.0	0	0	NaN	NaN	NaN	NaN	NaN	NaN	NaN	NaN	NaN	NaN	NaN	NaN
6450	0.763922432367	1.14741762934	0.0107378655152	0	0	-0.0	0.967610537306	0.0	0	0	NaN	NaN	NaN	NaN	NaN	NaN	NaN	NaN	NaN	NaN	NaN	NaN
6470	0.763922432367	1.16275743722	0.0107378655152	0	0	-0.0	0.967610537306	0.0	0	0	NaN	NaN	NaN	NaN	NaN	NaN	NaN	NaN	NaN	NaN	NaN	NaN
6487	0.763922432367	1.1903690914	0.0107378655152	0	0	-0.0	0.967610537306	0.0	0	0	NaN	NaN	NaN	NaN	NaN	NaN	NaN	NaN	NaN	NaN	NaN	NaN
6499	0.763922432367	1.20417491849	0.0107378655152	0	0	-0.0	0.967610537306	0.0	0	0	NaN	NaN	NaN	NaN	NaN	NaN	NaN	NaN	NaN	NaN	NaN	NaN
6511	0.763922432367	1.21798074558	0.0107378655152	0	0	-0.0	0.921533845053	0.0	0	0	NaN	NaN	NaN	NaN	NaN	NaN	NaN	NaN	NaN	NaN	NaN	NaN
6524	0.763922432367	1.23178657267	0.0107378655152	0	0	-0.0	0.921533845053	0.0	0	0	NaN	NaN	NaN	NaN	NaN	NaN	NaN	NaN	NaN	NaN	NaN	NaN
6536	0.763922432367	1.24405841898	0.0107378655152	0	0	-0.0	0.921533845053	0.0	0	0	NaN	NaN	NaN	NaN	NaN	NaN	NaN	NaN	NaN	NaN	NaN	NaN
6548	0.763922432367	1.25633026528	0.0107378655152	0	0	-0.0	0.921533845053	0.0	0	0	NaN	NaN	NaN	NaN	NaN	NaN	NaN	NaN	NaN	NaN	NaN	NaN
6560	0.762388451579	1.27013609237	0.0107378655152	0	0	-0.0	0.967610537306	0.0	0	0	NaN	NaN	NaN	NaN	NaN	NaN	NaN	NaN	NaN	NaN	NaN	NaN
6573	0.763922432367	1.28700988104	0.0107378655152	0	0	-0.0	1.01368722956	0.0	0	0	NaN	NaN	NaN	NaN	NaN	NaN	NaN	NaN	NaN	NaN	NaN	NaN
6586	0.763922432367	1.30081570813	0.0107378655152	0	0	-0.0	1.01368722956	0.0	0	0	NaN	NaN	NaN	NaN	NaN	NaN	NaN	NaN	NaN	NaN	NaN	NaN
6598	0.763922432367	1.31615551601	0.0107378655152	0	0	-0.0	0.967610537306	0.0	0	0	NaN	NaN	NaN	NaN	NaN	NaN	NaN	NaN	NaN	NaN	NaN	NaN
6611	0.763922432367	1.32842736231	0.0107378655152	0	0	-0.0	1.01368722956	0.0	0	0	NaN	NaN	NaN	NaN	NaN	NaN	NaN	NaN	NaN	NaN	NaN	NaN
6624	0.763922432367	1.34376717019	0.0107378655152	0	0	-0.0	0.967610537306	0.0	0	0	NaN	NaN	NaN	NaN	NaN	NaN	NaN	NaN	NaN	NaN	NaN	NaN
6637	0.763922432367	1.35910697807	0.0107378655152	0	0	-0.0	0.967610537306	0.0	0	0	NaN	NaN	NaN	NaN	NaN	NaN	NaN	NaN	NaN	NaN	NaN	NaN
6650	0.763922432367	1.37444678595	0.0107378655152	0	0	-0.0	1.01368722956	0.0	0	0	NaN	NaN	NaN	NaN	NaN	NaN	NaN	NaN	NaN	NaN	NaN	NaN
6662	0.763922432367	1.38671863225	0.0107378655152	0	0	-0.0	0.967610537306	0.0	0	0	NaN	NaN	NaN	NaN	NaN	NaN	NaN	NaN	NaN	NaN	NaN	NaN
6675	0.763922432367	1.40359242092	0.0107378655152	0	0	-0.0	0.967610537306	0.0	0	0	NaN	NaN	NaN	NaN	NaN	NaN	NaN	NaN	NaN	NaN	NaN	NaN
6688	0.763922432367	1.41586426722	0.0107378655152	0	0	-0.0	0.967610537306	0.0	0	0	NaN	NaN	NaN	NaN	NaN	NaN	NaN	NaN	NaN	NaN	NaN	NaN
6700	0.763922432367	1.4312040751	0.0107378655152	0	0	-0.0	1.01368722956	0.0	0	0	NaN	NaN	NaN	NaN	NaN	NaN	NaN	NaN	NaN	NaN	NaN	NaN
6712	0.763922432367	1.4434759214	0.0107378655152	0	0	-0.0	0.921533845053	0.0	0	0	NaN	NaN	NaN	NaN	NaN	NaN	NaN	NaN	NaN	NaN	NaN	NaN
6725	0.763922432367	1.45881572928	0.0107378655152	0	0	-0.0	0.967610537306	0.0	0	0	NaN	NaN	NaN	NaN	NaN	NaN	NaN	NaN	NaN	NaN	NaN	NaN
6738	0.763922432367	1.47262155637	0.0107378655152	0	0	-0.0	0.967610537306	0.0	0	0	NaN	NaN	NaN	NaN	NaN	NaN	NaN	NaN	NaN	NaN	NaN	NaN
6750	0.762388451579	1.48642738346	0.0107378655152	0	0	-0.0	1.01368722956	0.0	0	0	NaN	NaN	NaN	NaN	NaN	NaN	NaN	NaN	NaN	NaN	NaN	NaN
6762	0.763922432367	1.50023321055	0.0107378655152	0	0	-0.0	0.967610537306	0.0	0	0	NaN	NaN	NaN	NaN	NaN	NaN	NaN	NaN	NaN	NaN	NaN	NaN
6775	0.763922432367	1.51557301843	0.0107378655152	0	0	-0.0	0.967610537306	0.0	0	0	NaN	NaN	NaN	NaN	NaN	NaN	NaN	NaN	NaN	NaN	NaN	NaN
6789	0.763922432367	1.52937884552	0.0107378655152	0	0	-0.0	0.921533845053	0.0	0	0	NaN	NaN	NaN	NaN	NaN	NaN	NaN	NaN	NaN	NaN	NaN	NaN
6802	0.763922432367	1.54011671104	0.0107378655152	0	0	-0.0	0.69115038379	0.0	0	0	NaN	NaN	NaN	NaN	NaN	NaN	NaN	NaN	NaN	NaN	NaN	NaN
6814	0.763922432367	1.5447186534	0.0107378655152	0	0	-0.0	0.460766922527	0.0	0	0	NaN	NaN	NaN	NaN	NaN	NaN	NaN	NaN	NaN	NaN	NaN	NaN
6827	0.763922432367	1.54778661498	0.0107378655152	0	0	-0.0	0.230383461263	0.0	0	0	NaN	NaN	NaN	NaN	NaN	NaN	NaN	NaN	NaN	NaN	NaN	NaN
6840	0.763922432367	1.54778661498	0.0107378655152	0	0	-0.0	0.0921533845053	0.0	0	0	NaN	NaN	NaN	NaN	NaN	NaN	NaN	NaN	NaN	NaN	NaN	NaN
6852	0.763922432367	1.54778661498	0.0107378655152	0	0	-0.0	-0.0	0.0	0	0	NaN	NaN	NaN	NaN	NaN	NaN	NaN	NaN	NaN	NaN	NaN	NaN
6864	0.763922432367	1.54778661498	0.0107378655152	0	0	-0.0	-0.0	0.0	0	0	NaN	NaN	NaN	NaN	NaN	NaN	NaN	NaN	NaN	NaN	NaN	NaN
6879	0.763922432367	1.54778661498	0.0107378655152	0	0	-0.0	-0.0	0.0	0	0	NaN	NaN	NaN	NaN	NaN	NaN	NaN	NaN	NaN	NaN	NaN	NaN
6898	0.763922432367	1.54778661498	0.0107378655152	0	0	-0.0	-0.0	0.0	0	0	NaN	NaN	NaN	NaN	NaN	NaN	NaN	NaN	NaN	NaN	NaN	NaN
6911	0.763922432367	1.54778661498	0.0107378655152	0	0	-0.0	-0.0	0.0	0	0	NaN	NaN	NaN	NaN	NaN	NaN	NaN	NaN	NaN	NaN	NaN	NaN
6924	0.763922432367	1.54778661498	0.0107378655152	0	0	-0.0	-0.0	0.0	0	0	NaN	NaN	NaN	NaN	NaN	NaN	NaN	NaN	NaN	NaN	NaN	NaN
6937	0.763922432367	1.54778661498	0.0107378655152	0	0	-0.0	-0.0	0.0	0	0	NaN	NaN	NaN	NaN	NaN	NaN	NaN	NaN	NaN	NaN	NaN	NaN
6949	0.763922432367	1.54778661498	0.0107378655152	0	0	-0.0	-0.0	0.0	0	0	NaN	NaN	NaN	NaN	NaN	NaN	NaN	NaN	NaN	NaN	NaN	NaN
6962	0.763922432367	1.54778661498	0.0107378655152	0	0	-0.0	-0.0	0.0	0	0	NaN	NaN	NaN	NaN	NaN	NaN	NaN	NaN	NaN	NaN	NaN	NaN
6975	0.763922432367	1.54778661498	0.0107378655152	0	0	-0.0	-0.0	0.0	0	0	NaN	NaN	NaN	NaN	NaN	NaN	NaN	NaN	NaN	NaN	NaN	NaN
6988	0.763922432367	1.54778661498	0.0107378655152	0	0	-0.0	-0.0	0.0	0	0	NaN	NaN	NaN	NaN	NaN	NaN	NaN	NaN	NaN	NaN	NaN	NaN
7000	0.763922432367	1.54778661498	0.0107378655152	0	0	-0.0	-0.0	0.0	0	0	NaN	NaN	NaN	NaN	NaN	NaN	NaN	NaN	NaN	NaN	NaN	NaN
7013	0.763922432367	1.54778661498	0.0107378655152	0	0	-0.0	-0.0	0.0	0	0	NaN	NaN	NaN	NaN	NaN	NaN	NaN	NaN	NaN	NaN	NaN	NaN
7026	0.763922432367	1.54778661498	0.0107378655152	0	0	-0.0	-0.0	0.0	0	0	NaN	NaN	NaN	NaN	NaN	NaN	NaN	NaN	NaN	NaN	NaN	NaN
7039	0.763922432367	1.54778661498	0.0107378655152	0	0	-0.0	-0.0	0.0	0	0	NaN	NaN	NaN	NaN	NaN	NaN	NaN	NaN	NaN	NaN	NaN	NaN
7052	0.763922432367	1.54778661498	0.0107378655152	0	0	-0.0	-0.0	0.0	0	0	NaN	NaN	NaN	NaN	NaN	NaN	NaN	NaN	NaN	NaN	NaN	NaN
7065	0.763922432367	1.54778661498	0.0107378655152	0	0	-0.0	-0.0	0.0	0	0	NaN	NaN	NaN	NaN	NaN	NaN	NaN	NaN	NaN	NaN	NaN	NaN
7077	0.763922432367	1.54778661498	0.0107378655152	0	0	-0.0	-0.0	0.0	0	0	NaN	NaN	NaN	NaN	NaN	NaN	NaN	NaN	NaN	NaN	NaN	NaN
7089	0.763922432367	1.54778661498	0.0107378655152	0	0	-0.0	-0.0	0.0	0	0	NaN	NaN	NaN	NaN	NaN	NaN	NaN	NaN	NaN	NaN	NaN	NaN
7102	0.763922432367	1.54778661498	0.0107378655152	0	0	-0.0	-0.0	0.0	0	0	NaN	NaN	NaN	NaN	NaN	NaN	NaN	NaN	NaN	NaN	NaN	NaN
7115	0.763922432367	1.54778661498	0.0107378655152	0	0	-0.0	-0.0	0.0	0	0	NaN	NaN	NaN	NaN	NaN	NaN	NaN	NaN	NaN	NaN	NaN	NaN
7128	0.763922432367	1.54778661498	0.0107378655152	0	0	-0.0	-0.0	0.0	0	0	NaN	NaN	NaN	NaN	NaN	NaN	NaN	NaN	NaN	NaN	NaN	NaN
7140	0.763922432367	1.54778661498	0.0107378655152	0	0	-0.0	-0.0	0.0	0	0	NaN	NaN	NaN	NaN	NaN	NaN	NaN	NaN	NaN	NaN	NaN	NaN
7153	0.763922432367	1.54778661498	0.0107378655152	0	0	-0.0	-0.0	0.0	0	0	NaN	NaN	NaN	NaN	NaN	NaN	NaN	NaN	NaN	NaN	NaN	NaN
7166	0.763922432367	1.54778661498	0.0107378655152	0	0	-0.0	-0.0	0.0	0	0	NaN	NaN	NaN	NaN	NaN	NaN	NaN	NaN	NaN	NaN	NaN	NaN
7179	0.763922432367	1.54778661498	0.0107378655152	0	0	-0.0	-0.0	0.0	0	0	NaN	NaN	NaN	NaN	NaN	NaN	NaN	NaN	NaN	NaN	NaN	NaN
7192	0.763922432367	1.54778661498	0.0107378655152	0	0	-0.0	-0.0	0.0	0	0	NaN	NaN	NaN	NaN	NaN	NaN	NaN	NaN	NaN	NaN	NaN	NaN
7204	0.763922432367	1.54778661498	0.0107378655152	0	0	-0.0	-0.0	0.0	0	0	NaN	NaN	NaN	NaN	NaN	NaN	NaN	NaN	NaN	NaN	NaN	NaN
7216	0.763922432367	1.54778661498	0.0107378655152	0	0	-0.0	-0.0	0.0	0	0	NaN	NaN	NaN	NaN	NaN	NaN	NaN	NaN	NaN	NaN	NaN	NaN
7228	0.763922432367	1.54778661498	0.0107378655152	0	0	-0.0	-0.0	0.0	0	0	NaN	NaN	NaN	NaN	NaN	NaN	NaN	NaN	NaN	NaN	NaN	NaN
7241	0.763922432367	1.54778661498	0.0107378655152	0	0	-0.0	-0.0	0.0	0	0	NaN	NaN	NaN	NaN	NaN	NaN	NaN	NaN	NaN	NaN	NaN	NaN
7254	0.763922432367	1.54778661498	0.0107378655152	0	0	-0.0	-0.0	0.0	0	0	NaN	NaN	NaN	NaN	NaN	NaN	NaN	NaN	NaN	NaN	NaN	NaN
7267	0.763922432367	1.54778661498	0.0107378655152	0	0	-0.0	-0.0	0.0	0	0	NaN	NaN	NaN	NaN	NaN	NaN	NaN	NaN	NaN	NaN	NaN	NaN
7279	0.763922432367	1.54778661498	0.0107378655152	0	0	-0.0	-0.0	0.0	0	0	NaN	NaN	NaN	NaN	NaN	NaN	NaN	NaN	NaN	NaN	NaN	NaN
7291	0.763922432367	1.54778661498	0.0107378655152	0	0	-0.0	-0.0	0.0	0	0	NaN	NaN	NaN	NaN	NaN	NaN	NaN	NaN	NaN	NaN	NaN	NaN
7305	0.763922432367	1.54778661498	0.0107378655152	0	0	-0.0	-0.0	0.0	0	0	NaN	NaN	NaN	NaN	NaN	NaN	NaN	NaN	NaN	NaN	NaN	NaN
7318	0.763922432367	1.54778661498	0.0107378655152	0	0	-0.0	-0.0	0.0	0	0	NaN	NaN	NaN	NaN	NaN	NaN	NaN	NaN	NaN	NaN	NaN	NaN
7339	0.763922432367	1.54778661498	0.0107378655152	0	0	-0.0	-0.0	0.0	0	0	NaN	NaN	NaN	NaN	NaN	NaN	NaN	NaN	NaN	NaN	NaN	NaN
7351	0.763922432367	1.54778661498	0.0107378655152	0	0	-0.0	-0.0	0.0	0	0	NaN	NaN	NaN	NaN	NaN	NaN	NaN	NaN	NaN	NaN	NaN	NaN
7363	0.763922432367	1.54778661498	0.0107378655152	0	0	-0.0	-0.0	0.0	0	0	NaN	NaN	NaN	NaN	NaN	NaN	NaN	NaN	NaN	NaN	NaN	NaN
7375	0.763922432367	1.54778661498	0.0107378655152	0	0	-0.0	-0.0	0.0	0	0	NaN	NaN	NaN	NaN	NaN	NaN	NaN	NaN	NaN	NaN	NaN	NaN
7389	0.763922432367	1.54778661498	0.0107378655152	0	0	-0.0	-0.0	0.0	0	0	NaN	NaN	NaN	NaN	NaN	NaN	NaN	NaN	NaN	NaN	NaN	NaN
7406	0.763922432367	1.54778661498	0.0107378655152	0	0	-0.0	-0.0	0.0	0	0	NaN	NaN	NaN	NaN	NaN	NaN	NaN	NaN	NaN	NaN	NaN	NaN
7419	0.763922432367	1.54778661498	0.0107378655152	0	0	-0.0	-0.0	0.0	0	0	NaN	NaN	NaN	NaN	NaN	NaN	NaN	NaN	NaN	NaN	NaN	NaN
7432	0.763922432367	1.54778661498	0.0107378655152	0	0	-0.0	-0.0	0.0	0	0	NaN	NaN	NaN	NaN	NaN	NaN	NaN	NaN	NaN	NaN	NaN	NaN
7445	0.763922432367	1.54778661498	0.0107378655152	0	0	-0.0	-0.0	0.0	0	0	NaN	NaN	NaN	NaN	NaN	NaN	NaN	NaN	NaN	NaN	NaN	NaN
7458	0.763922432367	1.54778661498	0.0107378655152	0	0	-0.0	-0.0	0.0	0	0	NaN	NaN	NaN	NaN	NaN	NaN	NaN	NaN	NaN	NaN	NaN	NaN
7470	0.763922432367	1.54778661498	0.0107378655152	0	0	-0.0	-0.0	0.0	0	0	NaN	NaN	NaN	NaN	NaN	NaN	NaN	NaN	NaN	NaN	NaN	NaN
7483	0.763922432367	1.54778661498	0.0107378655152	0	0	-0.0	-0.0	0.0	0	0	NaN	NaN	NaN	NaN	NaN	NaN	NaN	NaN	NaN	NaN	NaN	NaN
7495	0.763922432367	1.54778661498	0.0107378655152	0	0	-0.0	-0.0	0.0	0	0	NaN	NaN	NaN	NaN	NaN	NaN	NaN	NaN	NaN	NaN	NaN	NaN
7507	0.763922432367	1.54778661498	0.0107378655152	0	0	-0.0	-0.0	0.0	0	0	NaN	NaN	NaN	NaN	NaN	NaN	NaN	NaN	NaN	NaN	NaN	NaN
7520	0.763922432367	1.54778661498	0.0107378655152	0	0	-0.0	-0.0	0.0	0	0	NaN	NaN	NaN	NaN	NaN	NaN	NaN	NaN	NaN	NaN	NaN	NaN
7532	0.763922432367	1.54778661498	0.0107378655152	0	0	-0.0	-0.0	0.0	0	0	NaN	NaN	NaN	NaN	NaN	NaN	NaN	NaN	NaN	NaN	NaN	NaN
7545	0.763922432367	1.54778661498	0.0107378655152	0	0	-0.0	-0.0	0.0	0	0	NaN	NaN	NaN	NaN	NaN	NaN	NaN	NaN	NaN	NaN	NaN	NaN
7558	0.763922432367	1.54778661498	0.0107378655152	0	0	-0.0	-0.0	0.0	0	0	NaN	NaN	NaN	NaN	NaN	NaN	NaN	NaN	NaN	NaN	NaN	NaN
7570	0.763922432367	1.54778661498	0.0107378655152	0	0	-0.0	-0.0	0.0	0	0	NaN	NaN	NaN	NaN	NaN	NaN	NaN	NaN	NaN	NaN	NaN	NaN
7582	0.763922432367	1.54778661498	0.0107378655152	0	0	-0.0	-0.0	0.0	0	0	NaN	NaN	NaN	NaN	NaN	NaN	NaN	NaN	NaN	NaN	NaN	NaN
7595	0.763922432367	1.54778661498	0.0107378655152	0	0	-0.0	-0.0	0.0	0	0	NaN	NaN	NaN	NaN	NaN	NaN	NaN	NaN	NaN	NaN	NaN	NaN
7608	0.763922432367	1.54778661498	0.0107378655152	0	0	-0.0	-0.0	0.0	0	0	NaN	NaN	NaN	NaN	NaN	NaN	NaN	NaN	NaN	NaN	NaN	NaN
7621	0.763922432367	1.54778661498	0.0107378655152	0	0	-0.0	-0.0	0.0	0	0	NaN	NaN	NaN	NaN	NaN	NaN	NaN	NaN	NaN	NaN	NaN	NaN
7634	0.763922432367	1.54778661498	0.0107378655152	0	0	-0.0	-0.0	0.0	0	0	NaN	NaN	NaN	NaN	NaN	NaN	NaN	NaN	NaN	NaN	NaN	NaN
7647	0.763922432367	1.54778661498	0.0107378655152	0	0	-0.0	-0.0	0.0	0	0	NaN	NaN	NaN	NaN	NaN	NaN	NaN	NaN	NaN	NaN	NaN	NaN
7659	0.763922432367	1.54778661498	0.0107378655152	0	0	-0.0	-0.0	0.0	0	0	NaN	NaN	NaN	NaN	NaN	NaN	NaN	NaN	NaN	NaN	NaN	NaN
7671	0.763922432367	1.54778661498	0.0107378655152	0	0	-0.0	-0.0	0.0	0	0	NaN	NaN	NaN	NaN	NaN	NaN	NaN	NaN	NaN	NaN	NaN	NaN
7683	0.763922432367	1.54778661498	0.0107378655152	0	0	-0.0	-0.0	0.0	0	0	NaN	NaN	NaN	NaN	NaN	NaN	NaN	NaN	NaN	NaN	NaN	NaN
7696	0.763922432367	1.54778661498	0.0107378655152	0	0	-0.0	-0.0	0.0	0	0	NaN	NaN	NaN	NaN	NaN	NaN	NaN	NaN	NaN	NaN	NaN	NaN
7709	0.763922432367	1.54778661498	0.0107378655152	0	0	-0.0	-0.0	0.0	0	0	NaN	NaN	NaN	NaN	NaN	NaN	NaN	NaN	NaN	NaN	NaN	NaN
7721	0.763922432367	1.54778661498	0.0107378655152	0	0	-0.0	-0.0	0.0	0	0	NaN	NaN	NaN	NaN	NaN	NaN	NaN	NaN	NaN	NaN	NaN	NaN
7734	0.763922432367	1.54778661498	0.0107378655152	0	0	-0.0	-0.0	0.0	0	0	NaN	NaN	NaN	NaN	NaN	NaN	NaN	NaN	NaN	NaN	NaN	NaN
7747	0.763922432367	1.54778661498	0.0107378655152	0	0	-0.0	-0.0	0.0	0	0	NaN	NaN	NaN	NaN	NaN	NaN	NaN	NaN	NaN	NaN	NaN	NaN
7760	0.763922432367	1.54778661498	0.0107378655152	0	0	-0.0	-0.0	0.0	0	0	NaN	NaN	NaN	NaN	NaN	NaN	NaN	NaN	NaN	NaN	NaN	NaN
7785	0.763922432367	1.54778661498	0.0107378655152	0	0	-0.0	-0.0	0.0	0	0	NaN	NaN	NaN	NaN	NaN	NaN	NaN	NaN	NaN	NaN	NaN	NaN
7798	0.763922432367	1.54932059576	0.0107378655152	0	0	-0.0	-0.0	0.0	0	0	NaN	NaN	NaN	NaN	NaN	NaN	NaN	NaN	NaN	NaN	NaN	NaN
7811	0.763922432367	1.54778661498	0.0107378655152	0	0	-0.0	-0.0	0.0	0	0	NaN	NaN	NaN	NaN	NaN	NaN	NaN	NaN	NaN	NaN	NaN	NaN
7823	0.763922432367	1.54778661498	0.0107378655152	0	0	-0.0	-0.0	0.0	0	0	NaN	NaN	NaN	NaN	NaN	NaN	NaN	NaN	NaN	NaN	NaN	NaN
7836	0.763922432367	1.54778661498	0.0107378655152	0	0	-0.0	-0.0	0.0	0	0	NaN	NaN	NaN	NaN	NaN	NaN	NaN	NaN	NaN	NaN	NaN	NaN
7848	0.763922432367	1.54778661498	0.0107378655152	0	0	-0.0	-0.0	0.0	0	0	NaN	NaN	NaN	NaN	NaN	NaN	NaN	NaN	NaN	NaN	NaN	NaN
7863	0.763922432367	1.54778661498	0.0107378655152	0	0	-0.0	-0.0	0.0	0	0	NaN	NaN	NaN	NaN	NaN	NaN	NaN	NaN	NaN	NaN	NaN	NaN
7877	0.763922432367	1.54778661498	0.0107378655152	0	0	-0.0	-0.0	0.0	0	0	NaN	NaN	NaN	NaN	NaN	NaN	NaN	NaN	NaN	NaN	NaN	NaN
7890	0.763922432367	1.54778661498	0.0107378655152	0	0	-0.0	-0.0	0.0	0	0	NaN	NaN	NaN	NaN	NaN	NaN	NaN	NaN	NaN	NaN	NaN	NaN
7904	0.763922432367	1.54778661498	0.0107378655152	0	0	-0.0	-0.0	0.0	0	0	NaN	NaN	NaN	NaN	NaN	NaN	NaN	NaN	NaN	NaN	NaN	NaN
7917	0.763922432367	1.54778661498	0.0107378655152	0	0	-0.0	-0.0	0.0	0	0	NaN	NaN	NaN	NaN	NaN	NaN	NaN	NaN	NaN	NaN	NaN	NaN
7929	0.763922432367	1.54778661498	0.0107378655152	0	0	-0.0	-0.0	0.0	0	0	NaN	NaN	NaN	NaN	NaN	NaN	NaN	NaN	NaN	NaN	NaN	NaN
7941	0.763922432367	1.54778661498	0.0107378655152	0	0	-0.0	-0.0	0.0	0	0	NaN	NaN	NaN	NaN	NaN	NaN	NaN	NaN	NaN	NaN	NaN	NaN
7954	0.763922432367	1.54778661498	0.0107378655152	0	0	-0.0	-0.0	0.0	0	0	NaN	NaN	NaN	NaN	NaN	NaN	NaN	NaN	NaN	NaN	NaN	NaN
7967	0.763922432367	1.54778661498	0.0107378655152	0	0	-0.0	-0.0	0.0	0	0	NaN	NaN	NaN	NaN	NaN	NaN	NaN	NaN	NaN	NaN	NaN	NaN
7979	0.763922432367	1.54778661498	0.0107378655152	0	0	-0.0	-0.0	0.0	0	0	NaN	NaN	NaN	NaN	NaN	NaN	NaN	NaN	NaN	NaN	NaN	NaN
7992	0.763922432367	1.54778661498	0.0107378655152	0	0	-0.0	-0.0	0.0	0	0	NaN	NaN	NaN	NaN	NaN	NaN	NaN	NaN	NaN	NaN	NaN	NaN
8004	0.763922432367	1.54778661498	0.0107378655152	0	0	-0.0	-0.0	0.0	0	0	NaN	NaN	NaN	NaN	NaN	NaN	NaN	NaN	NaN	NaN	NaN	NaN
8016	0.763922432367	1.54778661498	0.0107378655152	0	0	-0.0	-0.0	0.0	0	0	NaN	NaN	NaN	NaN	NaN	NaN	NaN	NaN	NaN	NaN	NaN	NaN
8028	0.763922432367	1.54778661498	0.0107378655152	0	0	-0.0	-0.0	0.0	0	0	NaN	NaN	NaN	NaN	NaN	NaN	NaN	NaN	NaN	NaN	NaN	NaN
8040	0.763922432367	1.54778661498	0.0107378655152	0	0	-0.0	-0.0	0.0	0	0	NaN	NaN	NaN	NaN	NaN	NaN	NaN	NaN	NaN	NaN	NaN	NaN
8053	0.763922432367	1.54778661498	0.0107378655152	0	0	-0.0	-0.0	0.0	0	0	NaN	NaN	NaN	NaN	NaN	NaN	NaN	NaN	NaN	NaN	NaN	NaN
8065	0.763922432367	1.54778661498	0.0107378655152	0	0	-0.0	-0.0	0.0	0	0	NaN	NaN	NaN	NaN	NaN	NaN	NaN	NaN	NaN	NaN	NaN	NaN
8077	0.763922432367	1.54778661498	0.0122718463031	0	0	-0.0	-0.0	0.0	0	0	NaN	NaN	NaN	NaN	NaN	NaN	NaN	NaN	NaN	NaN	NaN	NaN
8089	0.763922432367	1.54778661498	0.0107378655152	0	0	-0.0	-0.0	0.0	0	0	NaN	NaN	NaN	NaN	NaN	NaN	NaN	NaN	NaN	NaN	NaN	NaN
8102	0.763922432367	1.54778661498	0.0107378655152	0	0	-0.0	-0.0	0.0	0	0	NaN	NaN	NaN	NaN	NaN	NaN	NaN	NaN	NaN	NaN	NaN	NaN
8114	0.763922432367	1.54778661498	0.0107378655152	0	0	-0.0	-0.0	0.0	0	0	NaN	NaN	NaN	NaN	NaN	NaN	NaN	NaN	NaN	NaN	NaN	NaN
8127	0.763922432367	1.54778661498	0.0107378655152	0	0	-0.0	-0.0	0.0	0	0	NaN	NaN	NaN	NaN	NaN	NaN	NaN	NaN	NaN	NaN	NaN	NaN
8140	0.763922432367	1.54778661498	0.0107378655152	0	0	-0.0	-0.0	0.0	0	0	NaN	NaN	NaN	NaN	NaN	NaN	NaN	NaN	NaN	NaN	NaN	NaN
8153	0.763922432367	1.54778661498	0.0107378655152	0	0	-0.0	-0.0	0.0	0	0	NaN	NaN	NaN	NaN	NaN	NaN	NaN	NaN	NaN	NaN	NaN	NaN
8166	0.763922432367	1.54778661498	0.0107378655152	0	0	-0.0	-0.0	0.0	0	0	NaN	NaN	NaN	NaN	NaN	NaN	NaN	NaN	NaN	NaN	NaN	NaN
8178	0.763922432367	1.54778661498	0.0107378655152	0	0	-0.0	-0.0	0.0	0	0	NaN	NaN	NaN	NaN	NaN	NaN	NaN	NaN	NaN	NaN	NaN	NaN
8190	0.763922432367	1.54778661498	0.0107378655152	0	0	-0.0	-0.0	0.0	0	0	NaN	NaN	NaN	NaN	NaN	NaN	NaN	NaN	NaN	NaN	NaN	NaN
8203	0.763922432367	1.54778661498	0.0107378655152	0	0	-0.0	-0.0	0.0	0	0	NaN	NaN	NaN	NaN	NaN	NaN	NaN	NaN	NaN	NaN	NaN	NaN
8227	0.763922432367	1.54778661498	0.0107378655152	0	0	-0.0	-0.0	0.0	0	0	NaN	NaN	NaN	NaN	NaN	NaN	NaN	NaN	NaN	NaN	NaN	NaN
8239	0.763922432367	1.54778661498	0.0107378655152	0	0	-0.0	-0.0	0.0	0	0	NaN	NaN	NaN	NaN	NaN	NaN	NaN	NaN	NaN	NaN	NaN	NaN
8251	0.763922432367	1.54778661498	0.0107378655152	0	0	-0.0	-0.0	0.0	0	0	NaN	NaN	NaN	NaN	NaN	NaN	NaN	NaN	NaN	NaN	NaN	NaN
8263	0.763922432367	1.54778661498	0.0107378655152	0	0	-0.0	-0.0	0.0	0	0	NaN	NaN	NaN	NaN	NaN	NaN	NaN	NaN	NaN	NaN	NaN	NaN
8275	0.763922432367	1.54778661498	0.0107378655152	0	0	-0.0	-0.0	0.0	0	0	NaN	NaN	NaN	NaN	NaN	NaN	NaN	NaN	NaN	NaN	NaN	NaN
8289	0.763922432367	1.54778661498	0.0107378655152	0	0	-0.0	-0.0	0.0	0	0	NaN	NaN	NaN	NaN	NaN	NaN	NaN	NaN	NaN	NaN	NaN	NaN
8301	0.763922432367	1.54778661498	0.0107378655152	0	0	-0.0	-0.0	0.0	0	0	NaN	NaN	NaN	NaN	NaN	NaN	NaN	NaN	NaN	NaN	NaN	NaN
8313	0.763922432367	1.54778661498	0.0107378655152	0	0	-0.0	-0.0	0.0	0	0	NaN	NaN	NaN	NaN	NaN	NaN	NaN	NaN	NaN	NaN	NaN	NaN
8326	0.763922432367	1.54778661498	0.0107378655152	0	0	-0.0	-0.0	0.0	0	0	NaN	NaN	NaN	NaN	NaN	NaN	NaN	NaN	NaN	NaN	NaN	NaN
8345	0.763922432367	1.54778661498	0.0107378655152	0	0	-0.0	-0.0	0.0	0	0	NaN	NaN	NaN	NaN	NaN	NaN	NaN	NaN	NaN	NaN	NaN	NaN
8358	0.763922432367	1.54778661498	0.0107378655152	0	0	-0.0	-0.0	0.0	0	0	NaN	NaN	NaN	NaN	NaN	NaN	NaN	NaN	NaN	NaN	NaN	NaN
8372	0.763922432367	1.54778661498	0.0107378655152	0	0	-0.0	-0.0	0.0	0	0	NaN	NaN	NaN	NaN	NaN	NaN	NaN	NaN	NaN	NaN	NaN	NaN
8387	0.763922432367	1.54778661498	0.0107378655152	0	0	-0.0	-0.0	0.0	0	0	NaN	NaN	NaN	NaN	NaN	NaN	NaN	NaN	NaN	NaN	NaN	NaN
8400	0.763922432367	1.54778661498	0.0107378655152	0	0	-0.0	-0.0	0.0	0	0	NaN	NaN	NaN	NaN	NaN	NaN	NaN	NaN	NaN	NaN	NaN	NaN
8420	0.763922432367	1.54778661498	0.0107378655152	0	0	-0.0	-0.0	0.0	0	0	NaN	NaN	NaN	NaN	NaN	NaN	NaN	NaN	NaN	NaN	NaN	NaN
8433	0.763922432367	1.54778661498	0.0107378655152	0	0	-0.0	-0.0	0.0	0	0	NaN	NaN	NaN	NaN	NaN	NaN	NaN	NaN	NaN	NaN	NaN	NaN
8446	0.763922432367	1.54778661498	0.0107378655152	0	0	-0.0	-0.0	0.0	0	0	NaN	NaN	NaN	NaN	NaN	NaN	NaN	NaN	NaN	NaN	NaN	NaN
8459	0.763922432367	1.54778661498	0.0107378655152	0	0	-0.0	-0.0	0.0	0	0	NaN	NaN	NaN	NaN	NaN	NaN	NaN	NaN	NaN	NaN	NaN	NaN
8472	0.763922432367	1.54778661498	0.0107378655152	0	0	-0.0	-0.0	0.0	0	0	NaN	NaN	NaN	NaN	NaN	NaN	NaN	NaN	NaN	NaN	NaN	NaN
8485	0.763922432367	1.54778661498	0.0107378655152	0	0	-0.0	-0.0	0.0	0	0	NaN	NaN	NaN	NaN	NaN	NaN	NaN	NaN	NaN	NaN	NaN	NaN
8498	0.763922432367	1.54778661498	0.0107378655152	0	0	-0.0	-0.0	0.0	0	0	NaN	NaN	NaN	NaN	NaN	NaN	NaN	NaN	NaN	NaN	NaN	NaN
8511	0.763922432367	1.54778661498	0.0107378655152	0	0	-0.0	-0.0	0.0	0	0	NaN	NaN	NaN	NaN	NaN	NaN	NaN	NaN	NaN	NaN	NaN	NaN
8524	0.763922432367	1.54778661498	0.0107378655152	0	0	-0.0	-0.0	0.0	0	0	NaN	NaN	NaN	NaN	NaN	NaN	NaN	NaN	NaN	NaN	NaN	NaN
8537	0.763922432367	1.54778661498	0.0107378655152	0	0	-0.0	-0.0	0.0	0	0	NaN	NaN	NaN	NaN	NaN	NaN	NaN	NaN	NaN	NaN	NaN	NaN
8549	0.763922432367	1.54778661498	0.0122718463031	0	0	-0.0	-0.0	0.0	0	0	NaN	NaN	NaN	NaN	NaN	NaN	NaN	NaN	NaN	NaN	NaN	NaN
8561	0.763922432367	1.54778661498	0.0107378655152	0	0	-0.0	-0.0	0.0	0	0	NaN	NaN	NaN	NaN	NaN	NaN	NaN	NaN	NaN	NaN	NaN	NaN
8573	0.763922432367	1.54778661498	0.0107378655152	0	0	-0.0	-0.0	0.0	0	0	NaN	NaN	NaN	NaN	NaN	NaN	NaN	NaN	NaN	NaN	NaN	NaN
8586	0.763922432367	1.54778661498	0.0107378655152	0	0	-0.0	-0.0	0.0	0	0	NaN	NaN	NaN	NaN	NaN	NaN	NaN	NaN	NaN	NaN	NaN	NaN
8598	0.763922432367	1.54778661498	0.0107378655152	0	0	-0.0	-0.0	0.0	0	0	NaN	NaN	NaN	NaN	NaN	NaN	NaN	NaN	NaN	NaN	NaN	NaN
8611	0.763922432367	1.54778661498	0.0107378655152	0	0	-0.0	-0.0	0.0	0	0	NaN	NaN	NaN	NaN	NaN	NaN	NaN	NaN	NaN	NaN	NaN	NaN
8623	0.763922432367	1.54778661498	0.0107378655152	0	0	-0.0	-0.0	0.0	0	0	NaN	NaN	NaN	NaN	NaN	NaN	NaN	NaN	NaN	NaN	NaN	NaN
8636	0.763922432367	1.54778661498	0.0107378655152	0	0	-0.0	-0.0	0.0	0	0	NaN	NaN	NaN	NaN	NaN	NaN	NaN	NaN	NaN	NaN	NaN	NaN
8648	0.763922432367	1.54778661498	0.0107378655152	0	0	-0.0	-0.0	0.0	0	0	NaN	NaN	NaN	NaN	NaN	NaN	NaN	NaN	NaN	NaN	NaN	NaN
8661	0.763922432367	1.54778661498	0.0107378655152	0	0	-0.0	-0.0	0.0	0	0	NaN	NaN	NaN	NaN	NaN	NaN	NaN	NaN	NaN	NaN	NaN	NaN
8694	0.763922432367	1.54778661498	0.0107378655152	0	0	-0.0	-0.0	0.0	0	0	NaN	NaN	NaN	NaN	NaN	NaN	NaN	NaN	NaN	NaN	NaN	NaN
8707	0.763922432367	1.54778661498	0.0107378655152	0	0	-0.0	-0.0	0.0	0	0	NaN	NaN	NaN	NaN	NaN	NaN	NaN	NaN	NaN	NaN	NaN	NaN
8720	0.763922432367	1.54778661498	0.0107378655152	0	0	-0.0	-0.0	0.0	0	0	NaN	NaN	NaN	NaN	NaN	NaN	NaN	NaN	NaN	NaN	NaN	NaN
8733	0.763922432367	1.54778661498	0.0107378655152	0	0	-0.0	-0.0	0.0	0	0	NaN	NaN	NaN	NaN	NaN	NaN	NaN	NaN	NaN	NaN	NaN	NaN
8744	0.763922432367	1.54778661498	0.0107378655152	0	0	-0.0	-0.0	0.0	0	0	NaN	NaN	NaN	NaN	NaN	NaN	NaN	NaN	NaN	NaN	NaN	NaN
8756	0.763922432367	1.54778661498	0.0107378655152	0	0	-0.0	-0.0	0.0	0	0	NaN	NaN	NaN	NaN	NaN	NaN	NaN	NaN	NaN	NaN	NaN	NaN
8768	0.763922432367	1.54778661498	0.0107378655152	0	0	-0.0	-0.0	0.0	0	0	NaN	NaN	NaN	NaN	NaN	NaN	NaN	NaN	NaN	NaN	NaN	NaN
8781	0.763922432367	1.54778661498	0.0107378655152	0	0	-0.0	-0.0	0.0	0	0	NaN	NaN	NaN	NaN	NaN	NaN	NaN	NaN	NaN	NaN	NaN	NaN
8798	0.763922432367	1.54778661498	0.0107378655152	0	0	-0.0	-0.0	0.0	0	0	NaN	NaN	NaN	NaN	NaN	NaN	NaN	NaN	NaN	NaN	NaN	NaN
8810	0.763922432367	1.54778661498	0.0107378655152	0	0	-0.0	-0.0	0.0	0	0	NaN	NaN	NaN	NaN	NaN	NaN	NaN	NaN	NaN	NaN	NaN	NaN
8823	0.763922432367	1.54778661498	0.0107378655152	0	0	-0.0	-0.0	0.0	0	0	NaN	NaN	NaN	NaN	NaN	NaN	NaN	NaN	NaN	NaN	NaN	NaN
8836	0.763922432367	1.54778661498	0.0107378655152	0	0	-0.0	-0.0	0.0	0	0	NaN	NaN	NaN	NaN	NaN	NaN	NaN	NaN	NaN	NaN	NaN	NaN
8849	0.763922432367	1.54778661498	0.0107378655152	0	0	-0.0	-0.0	0.0	0	0	NaN	NaN	NaN	NaN	NaN	NaN	NaN	NaN	NaN	NaN	NaN	NaN
8861	0.763922432367	1.54778661498	0.0107378655152	0	0	-0.0	-0.0	0.0	0	0	NaN	NaN	NaN	NaN	NaN	NaN	NaN	NaN	NaN	NaN	NaN	NaN
8873	0.763922432367	1.54778661498	0.0107378655152	0	0	-0.0	-0.0	0.0	0	0	NaN	NaN	NaN	NaN	NaN	NaN	NaN	NaN	NaN	NaN	NaN	NaN
8888	0.763922432367	1.54932059576	0.0107378655152	0	0	-0.0	-0.0	0.0	0	0	NaN	NaN	NaN	NaN	NaN	NaN	NaN	NaN	NaN	NaN	NaN	NaN
8900	0.763922432367	1.54778661498	0.0107378655152	0	0	-0.0	-0.0	0.0	0	0	NaN	NaN	NaN	NaN	NaN	NaN	NaN	NaN	NaN	NaN	NaN	NaN
8913	0.763922432367	1.54778661498	0.0107378655152	0	0	-0.0	-0.0	0.0	0	0	NaN	NaN	NaN	NaN	NaN	NaN	NaN	NaN	NaN	NaN	NaN	NaN
8925	0.763922432367	1.54778661498	0.0107378655152	0	0	-0.0	-0.0	0.0	0	0	NaN	NaN	NaN	NaN	NaN	NaN	NaN	NaN	NaN	NaN	NaN	NaN
8938	0.763922432367	1.54778661498	0.0107378655152	0	0	-0.0	-0.0	0.0	0	0	NaN	NaN	NaN	NaN	NaN	NaN	NaN	NaN	NaN	NaN	NaN	NaN
8951	0.763922432367	1.54778661498	0.0107378655152	0	0	-0.0	-0.0	0.0	0	0	NaN	NaN	NaN	NaN	NaN	NaN	NaN	NaN	NaN	NaN	NaN	NaN
8964	0.763922432367	1.54778661498	0.0107378655152	0	0	-0.0	-0.0	0.0	0	0	NaN	NaN	NaN	NaN	NaN	NaN	NaN	NaN	NaN	NaN	NaN	NaN
8977	0.763922432367	1.54778661498	0.0107378655152	0	0	-0.0	-0.0	0.0	0	0	NaN	NaN	NaN	NaN	NaN	NaN	NaN	NaN	NaN	NaN	NaN	NaN
8989	0.763922432367	1.54778661498	0.0107378655152	0	0	-0.0	-0.0	0.0	0	0	NaN	NaN	NaN	NaN	NaN	NaN	NaN	NaN	NaN	NaN	NaN	NaN
9002	0.763922432367	1.54778661498	0.0107378655152	0	0	-0.0	-0.0	0.0	0	0	NaN	NaN	NaN	NaN	NaN	NaN	NaN	NaN	NaN	NaN	NaN	NaN
9014	0.763922432367	1.54778661498	0.0107378655152	0	0	-0.0	-0.0	0.0	0	0	NaN	NaN	NaN	NaN	NaN	NaN	NaN	NaN	NaN	NaN	NaN	NaN
9026	0.763922432367	1.54778661498	0.0107378655152	0	0	-0.0	-0.0	0.0	0	0	NaN	NaN	NaN	NaN	NaN	NaN	NaN	NaN	NaN	NaN	NaN	NaN
9039	0.763922432367	1.54778661498	0.0107378655152	0	0	-0.0	-0.0	0.0	0	0	NaN	NaN	NaN	NaN	NaN	NaN	NaN	NaN	NaN	NaN	NaN	NaN
9052	0.763922432367	1.54778661498	0.0107378655152	0	0	-0.0	-0.0	0.0	0	0	NaN	NaN	NaN	NaN	NaN	NaN	NaN	NaN	NaN	NaN	NaN	NaN
9065	0.763922432367	1.54778661498	0.0107378655152	0	0	-0.0	-0.0	0.0	0	0	NaN	NaN	NaN	NaN	NaN	NaN	NaN	NaN	NaN	NaN	NaN	NaN
9078	0.763922432367	1.54778661498	0.0107378655152	0	0	-0.0	-0.0	0.0	0	0	NaN	NaN	NaN	NaN	NaN	NaN	NaN	NaN	NaN	NaN	NaN	NaN
9091	0.763922432367	1.54778661498	0.0107378655152	0	0	-0.0	-0.0	0.0	0	0	NaN	NaN	NaN	NaN	NaN	NaN	NaN	NaN	NaN	NaN	NaN	NaN
9104	0.763922432367	1.54778661498	0.0107378655152	0	0	-0.0	-0.0	0.0	0	0	NaN	NaN	NaN	NaN	NaN	NaN	NaN	NaN	NaN	NaN	NaN	NaN
9116	0.763922432367	1.54778661498	0.0107378655152	0	0	-0.0	-0.0	0.0	0	0	NaN	NaN	NaN	NaN	NaN	NaN	NaN	NaN	NaN	NaN	NaN	NaN
9138	0.763922432367	1.54778661498	0.0107378655152	0	0	-0.0	-0.0	0.0	0	0	NaN	NaN	NaN	NaN	NaN	NaN	NaN	NaN	NaN	NaN	NaN	NaN
9150	0.763922432367	1.54932059576	0.0107378655152	0	0	-0.0	-0.0	0.0	0	0	NaN	NaN	NaN	NaN	NaN	NaN	NaN	NaN	NaN	NaN	NaN	NaN
9162	0.763922432367	1.54778661498	0.0107378655152	0	0	-0.0	-0.0	0.0	0	0	NaN	NaN	NaN	NaN	NaN	NaN	NaN	NaN	NaN	NaN	NaN	NaN
9175	0.763922432367	1.54778661498	0.0107378655152	0	0	-0.0	-0.0	0.0	0	0	NaN	NaN	NaN	NaN	NaN	NaN	NaN	NaN	NaN	NaN	NaN	NaN
9188	0.763922432367	1.54778661498	0.0107378655152	0	0	-0.0	-0.0	0.0	0	0	NaN	NaN	NaN	NaN	NaN	NaN	NaN	NaN	NaN	NaN	NaN	NaN
9201	0.763922432367	1.54778661498	0.0107378655152	0	0	-0.0	-0.0	0.0	0	0	NaN	NaN	NaN	NaN	NaN	NaN	NaN	NaN	NaN	NaN	NaN	NaN
9214	0.763922432367	1.54778661498	0.0107378655152	0	0	-0.0	-0.0	0.0	0	0	NaN	NaN	NaN	NaN	NaN	NaN	NaN	NaN	NaN	NaN	NaN	NaN
9227	0.763922432367	1.54778661498	0.0107378655152	0	0	-0.0	-0.0	0.0	0	0	NaN	NaN	NaN	NaN	NaN	NaN	NaN	NaN	NaN	NaN	NaN	NaN
9240	0.763922432367	1.54778661498	0.0107378655152	0	0	-0.0	-0.0	0.0	0	0	NaN	NaN	NaN	NaN	NaN	NaN	NaN	NaN	NaN	NaN	NaN	NaN
9253	0.763922432367	1.54778661498	0.0107378655152	0	0	-0.0	-0.0	0.0	0	0	NaN	NaN	NaN	NaN	NaN	NaN	NaN	NaN	NaN	NaN	NaN	NaN
9264	0.763922432367	1.54778661498	0.0107378655152	0	0	-0.0	-0.0	0.0	0	0	NaN	NaN	NaN	NaN	NaN	NaN	NaN	NaN	NaN	NaN	NaN	NaN
9278	0.763922432367	1.54778661498	0.0107378655152	0	0	-0.0	-0.0	0.0	0	0	NaN	NaN	NaN	NaN	NaN	NaN	NaN	NaN	NaN	NaN	NaN	NaN
9291	0.763922432367	1.54778661498	0.0107378655152	0	0	-0.0	-0.0	0.0	0	0	NaN	NaN	NaN	NaN	NaN	NaN	NaN	NaN	NaN	NaN	NaN	NaN
9306	0.763922432367	1.54778661498	0.0107378655152	0	0	-0.0	-0.0	0.0	0	0	NaN	NaN	NaN	NaN	NaN	NaN	NaN	NaN	NaN	NaN	NaN	NaN
9318	0.763922432367	1.54778661498	0.0107378655152	0	0	-0.0	-0.0	0.0	0	0	NaN	NaN	NaN	NaN	NaN	NaN	NaN	NaN	NaN	NaN	NaN	NaN
9331	0.763922432367	1.54778661498	0.0107378655152	0	0	-0.0	-0.0	0.0	0	0	NaN	NaN	NaN	NaN	NaN	NaN	NaN	NaN	NaN	NaN	NaN	NaN
9345	0.763922432367	1.54778661498	0.0107378655152	0	0	-0.0	-0.0	0.0	0	0	NaN	NaN	NaN	NaN	NaN	NaN	NaN	NaN	NaN	NaN	NaN	NaN
9357	0.763922432367	1.54778661498	0.0107378655152	0	0	-0.0	-0.0	0.0	0	0	NaN	NaN	NaN	NaN	NaN	NaN	NaN	NaN	NaN	NaN	NaN	NaN
9370	0.763922432367	1.54778661498	0.0107378655152	0	0	-0.0	-0.0	0.0	0	0	NaN	NaN	NaN	NaN	NaN	NaN	NaN	NaN	NaN	NaN	NaN	NaN
9384	0.763922432367	1.54778661498	0.0107378655152	0	0	-0.0	-0.0	0.0	0	0	NaN	NaN	NaN	NaN	NaN	NaN	NaN	NaN	NaN	NaN	NaN	NaN
9402	0.763922432367	1.54778661498	0.0107378655152	0	0	-0.0	-0.0	0.0	0	0	NaN	NaN	NaN	NaN	NaN	NaN	NaN	NaN	NaN	NaN	NaN	NaN
9415	0.763922432367	1.54932059576	0.0107378655152	0	0	-0.0	-0.0	0.0	0	0	NaN	NaN	NaN	NaN	NaN	NaN	NaN	NaN	NaN	NaN	NaN	NaN
9428	0.763922432367	1.54778661498	0.0107378655152	0	0	-0.0	-0.0	0.0	0	0	NaN	NaN	NaN	NaN	NaN	NaN	NaN	NaN	NaN	NaN	NaN	NaN
9441	0.763922432367	1.54932059576	0.0107378655152	0	0	-0.0	-0.0	0.0	0	0	NaN	NaN	NaN	NaN	NaN	NaN	NaN	NaN	NaN	NaN	NaN	NaN
9454	0.763922432367	1.54778661498	0.0107378655152	0	0	-0.0	-0.0	0.0	0	0	NaN	NaN	NaN	NaN	NaN	NaN	NaN	NaN	NaN	NaN	NaN	NaN
9467	0.763922432367	1.54778661498	0.0107378655152	0	0	-0.0	-0.0	0.0	0	0	NaN	NaN	NaN	NaN	NaN	NaN	NaN	NaN	NaN	NaN	NaN	NaN
9480	0.763922432367	1.54778661498	0.0107378655152	0	0	-0.0	-0.0	0.0	0	0	NaN	NaN	NaN	NaN	NaN	NaN	NaN	NaN	NaN	NaN	NaN	NaN
9492	0.763922432367	1.54778661498	0.0107378655152	0	0	-0.0	-0.0	0.0	0	0	NaN	NaN	NaN	NaN	NaN	NaN	NaN	NaN	NaN	NaN	NaN	NaN
9505	0.763922432367	1.54778661498	0.0107378655152	0	0	-0.0	-0.0	0.0	0	0	NaN	NaN	NaN	NaN	NaN	NaN	NaN	NaN	NaN	NaN	NaN	NaN
9518	0.763922432367	1.54778661498	0.0107378655152	0	0	-0.0	-0.0	0.0	0	0	NaN	NaN	NaN	NaN	NaN	NaN	NaN	NaN	NaN	NaN	NaN	NaN
9530	0.763922432367	1.54778661498	0.0107378655152	0	0	-0.0	-0.0	0.0	0	0	NaN	NaN	NaN	NaN	NaN	NaN	NaN	NaN	NaN	NaN	NaN	NaN
9543	0.763922432367	1.54778661498	0.0107378655152	0	0	-0.0	-0.0	0.0	0	0	NaN	NaN	NaN	NaN	NaN	NaN	NaN	NaN	NaN	NaN	NaN	NaN
9556	0.763922432367	1.54778661498	0.0107378655152	0	0	-0.0	-0.0	0.0	0	0	NaN	NaN	NaN	NaN	NaN	NaN	NaN	NaN	NaN	NaN	NaN	NaN
9569	0.763922432367	1.54778661498	0.0107378655152	0	0	-0.0	-0.0	0.0	0	0	NaN	NaN	NaN	NaN	NaN	NaN	NaN	NaN	NaN	NaN	NaN	NaN
9581	0.763922432367	1.54778661498	0.0107378655152	0	0	-0.0	-0.0	0.0	0	0	NaN	NaN	NaN	NaN	NaN	NaN	NaN	NaN	NaN	NaN	NaN	NaN
9607	0.763922432367	1.54778661498	0.0107378655152	0	0	-0.0	-0.0	0.0	0	0	NaN	NaN	NaN	NaN	NaN	NaN	NaN	NaN	NaN	NaN	NaN	NaN
9619	0.763922432367	1.54778661498	0.0107378655152	0	0	-0.0	-0.0	0.0	0	0	NaN	NaN	NaN	NaN	NaN	NaN	NaN	NaN	NaN	NaN	NaN	NaN
9631	0.763922432367	1.54778661498	0.0107378655152	0	0	-0.0	-0.0	0.0	0	0	NaN	NaN	NaN	NaN	NaN	NaN	NaN	NaN	NaN	NaN	NaN	NaN
9643	0.763922432367	1.54778661498	0.0107378655152	0	0	-0.0	-0.0	0.0	0	0	NaN	NaN	NaN	NaN	NaN	NaN	NaN	NaN	NaN	NaN	NaN	NaN
9656	0.763922432367	1.54778661498	0.0107378655152	0	0	-0.0	-0.0	0.0	0	0	NaN	NaN	NaN	NaN	NaN	NaN	NaN	NaN	NaN	NaN	NaN	NaN
9669	0.763922432367	1.54778661498	0.0107378655152	0	0	-0.0	-0.0	0.0	0	0	NaN	NaN	NaN	NaN	NaN	NaN	NaN	NaN	NaN	NaN	NaN	NaN
9682	0.763922432367	1.54778661498	0.0107378655152	0	0	-0.0	-0.0	0.0	0	0	NaN	NaN	NaN	NaN	NaN	NaN	NaN	NaN	NaN	NaN	NaN	NaN
9695	0.763922432367	1.54778661498	0.0107378655152	0	0	-0.0	-0.0	0.0	0	0	NaN	NaN	NaN	NaN	NaN	NaN	NaN	NaN	NaN	NaN	NaN	NaN
9707	0.763922432367	1.54778661498	0.0107378655152	0	0	-0.0	-0.0	0.0	0	0	NaN	NaN	NaN	NaN	NaN	NaN	NaN	NaN	NaN	NaN	NaN	NaN
9720	0.763922432367	1.54778661498	0.0107378655152	0	0	-0.0	-0.0	0.0	0	0	NaN	NaN	NaN	NaN	NaN	NaN	NaN	NaN	NaN	NaN	NaN	NaN
9733	0.763922432367	1.54778661498	0.0107378655152	0	0	-0.0	-0.0	0.0	0	0	NaN	NaN	NaN	NaN	NaN	NaN	NaN	NaN	NaN	NaN	NaN	NaN
9746	0.763922432367	1.54778661498	0.0107378655152	0	0	-0.0	-0.0	0.0	0	0	NaN	NaN	NaN	NaN	NaN	NaN	NaN	NaN	NaN	NaN	NaN	NaN
9759	0.763922432367	1.54778661498	0.0107378655152	0	0	-0.0	-0.0	0.0	0	0	NaN	NaN	NaN	NaN	NaN	NaN	NaN	NaN	NaN	NaN	NaN	NaN
9771	0.763922432367	1.54778661498	0.0107378655152	0	0	-0.0	-0.0	0.0	0	0	NaN	NaN	NaN	NaN	NaN	NaN	NaN	NaN	NaN	NaN	NaN	NaN
9784	0.763922432367	1.54778661498	0.0107378655152	0	0	-0.0	-0.0	0.0	0	0	NaN	NaN	NaN	NaN	NaN	NaN	NaN	NaN	NaN	NaN	NaN	NaN
9798	0.763922432367	1.54778661498	0.0107378655152	0	0	-0.0	-0.0	0.0	0	0	NaN	NaN	NaN	NaN	NaN	NaN	NaN	NaN	NaN	NaN	NaN	NaN
9810	0.763922432367	1.54778661498	0.0107378655152	0	0	-0.0	-0.0	0.0	0	0	NaN	NaN	NaN	NaN	NaN	NaN	NaN	NaN	NaN	NaN	NaN	NaN
9823	0.763922432367	1.54778661498	0.0107378655152	0	0	-0.0	-0.0	0.0	0	0	NaN	NaN	NaN	NaN	NaN	NaN	NaN	NaN	NaN	NaN	NaN	NaN
9835	0.763922432367	1.54778661498	0.0107378655152	0	0	-0.0	-0.0	0.0	0	0	NaN	NaN	NaN	NaN	NaN	NaN	NaN	NaN	NaN	NaN	NaN	NaN
9847	0.763922432367	1.54778661498	0.0107378655152	0	0	-0.0	-0.0	0.0	0	0	NaN	NaN	NaN	NaN	NaN	NaN	NaN	NaN	NaN	NaN	NaN	NaN
9859	0.763922432367	1.54778661498	0.0107378655152	0	0	-0.0	-0.0	0.0	0	0	NaN	NaN	NaN	NaN	NaN	NaN	NaN	NaN	NaN	NaN	NaN	NaN
9871	0.763922432367	1.54778661498	0.0107378655152	0	0	-0.0	-0.0	0.0	0	0	NaN	NaN	NaN	NaN	NaN	NaN	NaN	NaN	NaN	NaN	NaN	NaN
9884	0.763922432367	1.54778661498	0.0107378655152	0	0	-0.0	-0.0	0.0	0	0	NaN	NaN	NaN	NaN	NaN	NaN	NaN	NaN	NaN	NaN	NaN	NaN
9899	0.763922432367	1.54778661498	0.0107378655152	0	0	-0.0	-0.0	0.0	0	0	NaN	NaN	NaN	NaN	NaN	NaN	NaN	NaN	NaN	NaN	NaN	NaN
9912	0.763922432367	1.54778661498	0.0107378655152	0	0	-0.0	-0.0	0.0	0	0	NaN	NaN	NaN	NaN	NaN	NaN	NaN	NaN	NaN	NaN	NaN	NaN
9925	0.763922432367	1.54778661498	0.0107378655152	0	0	-0.0	-0.0	0.0	0	0	NaN	NaN	NaN	NaN	NaN	NaN	NaN	NaN	NaN	NaN	NaN	NaN
9938	0.763922432367	1.54778661498	0.0107378655152	0	0	-0.0	-0.0	0.0	0	0	NaN	NaN	NaN	NaN	NaN	NaN	NaN	NaN	NaN	NaN	NaN	NaN
9951	0.763922432367	1.54778661498	0.0107378655152	0	0	-0.0	-0.0	0.0	0	0	NaN	NaN	NaN	NaN	NaN	NaN	NaN	NaN	NaN	NaN	NaN	NaN
9964	0.763922432367	1.54778661498	0.0107378655152	0	0	-0.0	-0.0	0.0	0	0	NaN	NaN	NaN	NaN	NaN	NaN	NaN	NaN	NaN	NaN	NaN	NaN
9977	0.763922432367	1.54778661498	0.0107378655152	0	0	-0.0	-0.0	0.0	0	0	NaN	NaN	NaN	NaN	NaN	NaN	NaN	NaN	NaN	NaN	NaN	NaN
9991	0.763922432367	1.54778661498	0.0107378655152	0	0	-0.0	-0.0	0.0	0	0	NaN	NaN	NaN	NaN	NaN	NaN	NaN	NaN	NaN	NaN	NaN	NaN
10005	0.763922432367	1.54778661498	0.0107378655152	0	0	-0.0	-0.0	0.0	0	0	NaN	NaN	NaN	NaN	NaN	NaN	NaN	NaN	NaN	NaN	NaN	NaN
10017	0.763922432367	1.54778661498	0.0107378655152	0	0	-0.0	-0.0	0.0	0	0	NaN	NaN	NaN	NaN	NaN	NaN	NaN	NaN	NaN	NaN	NaN	NaN
10029	0.763922432367	1.54778661498	0.0107378655152	0	0	-0.0	-0.0	0.0	0	0	NaN	NaN	NaN	NaN	NaN	NaN	NaN	NaN	NaN	NaN	NaN	NaN
10051	0.763922432367	1.54932059576	0.0107378655152	0	0	-0.0	-0.0	0.0	0	0	NaN	NaN	NaN	NaN	NaN	NaN	NaN	NaN	NaN	NaN	NaN	NaN
10064	0.763922432367	1.54778661498	0.0107378655152	0	0	-0.0	-0.0	0.0	0	0	NaN	NaN	NaN	NaN	NaN	NaN	NaN	NaN	NaN	NaN	NaN	NaN
10077	0.763922432367	1.54778661498	0.0107378655152	0	0	-0.0	-0.0	0.0	0	0	NaN	NaN	NaN	NaN	NaN	NaN	NaN	NaN	NaN	NaN	NaN	NaN
10090	0.763922432367	1.54932059576	0.0107378655152	0	0	-0.0	-0.0	0.0	0	0	NaN	NaN	NaN	NaN	NaN	NaN	NaN	NaN	NaN	NaN	NaN	NaN
10104	0.763922432367	1.54778661498	0.0107378655152	0	0	-0.0	-0.0	0.0	0	0	NaN	NaN	NaN	NaN	NaN	NaN	NaN	NaN	NaN	NaN	NaN	NaN
10116	0.763922432367	1.54778661498	0.0107378655152	0	0	-0.0	-0.0	0.0	0	0	NaN	NaN	NaN	NaN	NaN	NaN	NaN	NaN	NaN	NaN	NaN	NaN
10130	0.763922432367	1.54778661498	0.0107378655152	0	0	-0.0	-0.0	0.0	0	0	NaN	NaN	NaN	NaN	NaN	NaN	NaN	NaN	NaN	NaN	NaN	NaN
10143	0.763922432367	1.54778661498	0.0107378655152	0	0	-0.0	-0.0	0.0	0	0	NaN	NaN	NaN	NaN	NaN	NaN	NaN	NaN	NaN	NaN	NaN	NaN
10156	0.763922432367	1.54778661498	0.0107378655152	0	0	-0.0	-0.0	0.0	0	0	NaN	NaN	NaN	NaN	NaN	NaN	NaN	NaN	NaN	NaN	NaN	NaN
10168	0.763922432367	1.54778661498	0.0107378655152	0	0	-0.0	-0.0	0.0	0	0	NaN	NaN	NaN	NaN	NaN	NaN	NaN	NaN	NaN	NaN	NaN	NaN
10182	0.763922432367	1.54778661498	0.0107378655152	0	0	-0.0	-0.0	0.0	0	0	NaN	NaN	NaN	NaN	NaN	NaN	NaN	NaN	NaN	NaN	NaN	NaN
10194	0.763922432367	1.54778661498	0.0107378655152	0	0	-0.0	-0.0	0.0	0	0	NaN	NaN	NaN	NaN	NaN	NaN	NaN	NaN	NaN	NaN	NaN	NaN
10206	0.763922432367	1.54778661498	0.0107378655152	0	0	-0.0	-0.0	0.0	0	0	NaN	NaN	NaN	NaN	NaN	NaN	NaN	NaN	NaN	NaN	NaN	NaN
10218	0.763922432367	1.54778661498	0.0107378655152	0	0	-0.0	-0.0	0.0	0	0	NaN	NaN	NaN	NaN	NaN	NaN	NaN	NaN	NaN	NaN	NaN	NaN
10231	0.763922432367	1.54778661498	0.0107378655152	0	0	-0.0	-0.0	0.0	0	0	NaN	NaN	NaN	NaN	NaN	NaN	NaN	NaN	NaN	NaN	NaN	NaN
10244	0.763922432367	1.54778661498	0.0107378655152	0	0	-0.0	-0.0	0.0	0	0	NaN	NaN	NaN	NaN	NaN	NaN	NaN	NaN	NaN	NaN	NaN	NaN
10257	0.763922432367	1.54778661498	0.0107378655152	0	0	-0.0	-0.0	0.0	0	0	NaN	NaN	NaN	NaN	NaN	NaN	NaN	NaN	NaN	NaN	NaN	NaN
10270	0.763922432367	1.54778661498	0.0107378655152	0	0	-0.0	-0.0	0.0	0	0	NaN	NaN	NaN	NaN	NaN	NaN	NaN	NaN	NaN	NaN	NaN	NaN
10282	0.763922432367	1.54778661498	0.0107378655152	0	0	-0.0	-0.0	0.0	0	0	NaN	NaN	NaN	NaN	NaN	NaN	NaN	NaN	NaN	NaN	NaN	NaN
10294	0.763922432367	1.54778661498	0.0107378655152	0	0	-0.0	-0.0	0.0	0	0	NaN	NaN	NaN	NaN	NaN	NaN	NaN	NaN	NaN	NaN	NaN	NaN
10309	0.763922432367	1.54778661498	0.0107378655152	0	0	-0.0	-0.0	0.0	0	0	NaN	NaN	NaN	NaN	NaN	NaN	NaN	NaN	NaN	NaN	NaN	NaN
10323	0.763922432367	1.54778661498	0.0107378655152	0	0	-0.0	-0.0	0.0	0	0	NaN	NaN	NaN	NaN	NaN	NaN	NaN	NaN	NaN	NaN	NaN	NaN
10336	0.763922432367	1.54778661498	0.0107378655152	0	0	-0.0	-0.0	0.0	0	0	NaN	NaN	NaN	NaN	NaN	NaN	NaN	NaN	NaN	NaN	NaN	NaN
10348	0.763922432367	1.54778661498	0.0107378655152	0	0	-0.0	-0.0	0.0	0	0	NaN	NaN	NaN	NaN	NaN	NaN	NaN	NaN	NaN	NaN	NaN	NaN
10361	0.763922432367	1.54778661498	0.0107378655152	0	0	-0.0	-0.0	0.0	0	0	NaN	NaN	NaN	NaN	NaN	NaN	NaN	NaN	NaN	NaN	NaN	NaN
10376	0.763922432367	1.54778661498	0.0107378655152	0	0	-0.0	-0.0	0.0	0	0	NaN	NaN	NaN	NaN	NaN	NaN	NaN	NaN	NaN	NaN	NaN	NaN
10389	0.763922432367	1.54778661498	0.0107378655152	0	0	-0.0	-0.0	0.0	0	0	NaN	NaN	NaN	NaN	NaN	NaN	NaN	NaN	NaN	NaN	NaN	NaN
10406	0.763922432367	1.54778661498	0.0107378655152	0	0	-0.0	-0.0	0.0	0	0	NaN	NaN	NaN	NaN	NaN	NaN	NaN	NaN	NaN	NaN	NaN	NaN
10420	0.763922432367	1.54778661498	0.0107378655152	0	0	-0.0	-0.0	0.0	0	0	NaN	NaN	NaN	NaN	NaN	NaN	NaN	NaN	NaN	NaN	NaN	NaN
10434	0.763922432367	1.54778661498	0.0107378655152	0	0	-0.0	-0.0	0.0	0	0	NaN	NaN	NaN	NaN	NaN	NaN	NaN	NaN	NaN	NaN	NaN	NaN
10446	0.763922432367	1.54778661498	0.0107378655152	0	0	-0.0	-0.0	0.0	0	0	NaN	NaN	NaN	NaN	NaN	NaN	NaN	NaN	NaN	NaN	NaN	NaN
10458	0.763922432367	1.54778661498	0.0107378655152	0	0	-0.0	-0.0	0.0	0	0	NaN	NaN	NaN	NaN	NaN	NaN	NaN	NaN	NaN	NaN	NaN	NaN
10470	0.763922432367	1.54778661498	0.0107378655152	0	0	-0.0	-0.0	0.0	0	0	NaN	NaN	NaN	NaN	NaN	NaN	NaN	NaN	NaN	NaN	NaN	NaN
10482	0.763922432367	1.54778661498	0.0107378655152	0	0	-0.0	-0.0	0.0	0	0	NaN	NaN	NaN	NaN	NaN	NaN	NaN	NaN	NaN	NaN	NaN	NaN
10507	0.763922432367	1.54778661498	0.0107378655152	0	0	-0.0	-0.0	0.0	0	0	NaN	NaN	NaN	NaN	NaN	NaN	NaN	NaN	NaN	NaN	NaN	NaN
10520	0.763922432367	1.54778661498	0.0107378655152	0	0	-0.0	-0.0	0.0	0	0	NaN	NaN	NaN	NaN	NaN	NaN	NaN	NaN	NaN	NaN	NaN	NaN
10533	0.763922432367	1.54778661498	0.0107378655152	0	0	-0.0	-0.0	0.0	0	0	NaN	NaN	NaN	NaN	NaN	NaN	NaN	NaN	NaN	NaN	NaN	NaN
10546	0.763922432367	1.54778661498	0.0107378655152	0	0	-0.0	-0.0	0.0	0	0	NaN	NaN	NaN	NaN	NaN	NaN	NaN	NaN	NaN	NaN	NaN	NaN
10559	0.763922432367	1.54778661498	0.0107378655152	0	0	-0.0	-0.0	0.0	0	0	NaN	NaN	NaN	NaN	NaN	NaN	NaN	NaN	NaN	NaN	NaN	NaN
10572	0.763922432367	1.54778661498	0.0107378655152	0	0	-0.0	-0.0	0.0	0	0	NaN	NaN	NaN	NaN	NaN	NaN	NaN	NaN	NaN	NaN	NaN	NaN
10585	0.763922432367	1.54778661498	0.0107378655152	0	0	-0.0	-0.0	0.0	0	0	NaN	NaN	NaN	NaN	NaN	NaN	NaN	NaN	NaN	NaN	NaN	NaN
10598	0.763922432367	1.54778661498	0.0107378655152	0	0	-0.0	-0.0	0.0	0	0	NaN	NaN	NaN	NaN	NaN	NaN	NaN	NaN	NaN	NaN	NaN	NaN
10611	0.763922432367	1.54932059576	0.0107378655152	0	0	-0.0	-0.0	0.0	0	0	NaN	NaN	NaN	NaN	NaN	NaN	NaN	NaN	NaN	NaN	NaN	NaN
10623	0.763922432367	1.54778661498	0.0107378655152	0	0	-0.0	-0.0	0.0	0	0	NaN	NaN	NaN	NaN	NaN	NaN	NaN	NaN	NaN	NaN	NaN	NaN
10635	0.763922432367	1.54778661498	0.0107378655152	0	0	-0.0	-0.0	0.0	0	0	NaN	NaN	NaN	NaN	NaN	NaN	NaN	NaN	NaN	NaN	NaN	NaN
10647	0.763922432367	1.54778661498	0.0107378655152	0	0	-0.0	-0.0	0.0	0	0	NaN	NaN	NaN	NaN	NaN	NaN	NaN	NaN	NaN	NaN	NaN	NaN
10659	0.763922432367	1.54778661498	0.0107378655152	0	0	-0.0	-0.0	0.0	0	0	NaN	NaN	NaN	NaN	NaN	NaN	NaN	NaN	NaN	NaN	NaN	NaN
10672	0.763922432367	1.54778661498	0.0107378655152	0	0	-0.0	-0.0	0.0	0	0	NaN	NaN	NaN	NaN	NaN	NaN	NaN	NaN	NaN	NaN	NaN	NaN
10685	0.763922432367	1.54778661498	0.0107378655152	0	0	-0.0	-0.0	0.0	0	0	NaN	NaN	NaN	NaN	NaN	NaN	NaN	NaN	NaN	NaN	NaN	NaN
10698	0.763922432367	1.54778661498	0.0107378655152	0	0	-0.0	-0.0	0.0	0	0	NaN	NaN	NaN	NaN	NaN	NaN	NaN	NaN	NaN	NaN	NaN	NaN
10711	0.763922432367	1.54778661498	0.0107378655152	0	0	-0.0	-0.0	0.0	0	0	NaN	NaN	NaN	NaN	NaN	NaN	NaN	NaN	NaN	NaN	NaN	NaN
10724	0.763922432367	1.54778661498	0.0107378655152	0	0	-0.0	-0.0	0.0	0	0	NaN	NaN	NaN	NaN	NaN	NaN	NaN	NaN	NaN	NaN	NaN	NaN
10737	0.763922432367	1.54778661498	0.0107378655152	0	0	-0.0	-0.0	0.0	0	0	NaN	NaN	NaN	NaN	NaN	NaN	NaN	NaN	NaN	NaN	NaN	NaN
10753	0.763922432367	1.54778661498	0.0107378655152	0	0	-0.0	-0.0	0.0	0	0	NaN	NaN	NaN	NaN	NaN	NaN	NaN	NaN	NaN	NaN	NaN	NaN
